Log level set to: INFO
save_path: ./checkpoint/mini_imagenet/teen/ft_cos-avg_cos-data_init-start_0/1224-06-32-17-066-Epo_400-Bs_128-sgd-Lr_0.1-decay0.0005-Mom_0.9-Max_400-NormF-T_16.00-tw_16-0.5-soft_proto
random init params
new classes for this session:[ 0  1  2  3  4  5  6  7  8  9 10 11 12 13 14 15 16 17 18 19 20 21 22 23
 24 25 26 27 28 29 30 31 32 33 34 35 36 37 38 39 40 41 42 43 44 45 46 47
 48 49 50 51 52 53 54 55 56 57 58 59]
epo 0, test, loss=3.8979 acc=0.0545, acc@5=0.2383
********A better model is found!!**********
Saving model to :./checkpoint/mini_imagenet/teen/ft_cos-avg_cos-data_init-start_0/1224-06-32-17-066-Epo_400-Bs_128-sgd-Lr_0.1-decay0.0005-Mom_0.9-Max_400-NormF-T_16.00-tw_16-0.5-soft_proto/session0_max_acc.pth
best epoch 0, best test acc=5.450
epoch:000,lr:0.1000,training_loss:4.32429,training_acc:0.03872,test_loss:3.89793,test_acc:0.05450
epo 1, test, loss=3.5407 acc=0.1258, acc@5=0.3592
********A better model is found!!**********
Saving model to :./checkpoint/mini_imagenet/teen/ft_cos-avg_cos-data_init-start_0/1224-06-32-17-066-Epo_400-Bs_128-sgd-Lr_0.1-decay0.0005-Mom_0.9-Max_400-NormF-T_16.00-tw_16-0.5-soft_proto/session0_max_acc.pth
best epoch 1, best test acc=12.583
epoch:001,lr:0.1000,training_loss:4.07665,training_acc:0.07950,test_loss:3.54066,test_acc:0.12583
epo 2, test, loss=3.3611 acc=0.1548, acc@5=0.4313
********A better model is found!!**********
Saving model to :./checkpoint/mini_imagenet/teen/ft_cos-avg_cos-data_init-start_0/1224-06-32-17-066-Epo_400-Bs_128-sgd-Lr_0.1-decay0.0005-Mom_0.9-Max_400-NormF-T_16.00-tw_16-0.5-soft_proto/session0_max_acc.pth
best epoch 2, best test acc=15.483
epoch:002,lr:0.1000,training_loss:3.97683,training_acc:0.11427,test_loss:3.36113,test_acc:0.15483
epo 3, test, loss=3.3841 acc=0.1612, acc@5=0.4070
********A better model is found!!**********
Saving model to :./checkpoint/mini_imagenet/teen/ft_cos-avg_cos-data_init-start_0/1224-06-32-17-066-Epo_400-Bs_128-sgd-Lr_0.1-decay0.0005-Mom_0.9-Max_400-NormF-T_16.00-tw_16-0.5-soft_proto/session0_max_acc.pth
best epoch 3, best test acc=16.117
epoch:003,lr:0.1000,training_loss:3.90720,training_acc:0.14302,test_loss:3.38409,test_acc:0.16117
epo 4, test, loss=3.2196 acc=0.1915, acc@5=0.4777
********A better model is found!!**********
Saving model to :./checkpoint/mini_imagenet/teen/ft_cos-avg_cos-data_init-start_0/1224-06-32-17-066-Epo_400-Bs_128-sgd-Lr_0.1-decay0.0005-Mom_0.9-Max_400-NormF-T_16.00-tw_16-0.5-soft_proto/session0_max_acc.pth
best epoch 4, best test acc=19.150
epoch:004,lr:0.1000,training_loss:3.82254,training_acc:0.17007,test_loss:3.21958,test_acc:0.19150
epo 5, test, loss=2.8378 acc=0.2622, acc@5=0.5670
********A better model is found!!**********
Saving model to :./checkpoint/mini_imagenet/teen/ft_cos-avg_cos-data_init-start_0/1224-06-32-17-066-Epo_400-Bs_128-sgd-Lr_0.1-decay0.0005-Mom_0.9-Max_400-NormF-T_16.00-tw_16-0.5-soft_proto/session0_max_acc.pth
best epoch 5, best test acc=26.217
epoch:005,lr:0.1000,training_loss:3.77668,training_acc:0.18962,test_loss:2.83785,test_acc:0.26217
epo 6, test, loss=2.8310 acc=0.2578, acc@5=0.5713
best epoch 5, best test acc=26.217
epoch:006,lr:0.0999,training_loss:3.72840,training_acc:0.21285,test_loss:2.83100,test_acc:0.25783
epo 7, test, loss=2.8508 acc=0.2618, acc@5=0.5657
best epoch 5, best test acc=26.217
epoch:007,lr:0.0999,training_loss:3.70521,training_acc:0.22455,test_loss:2.85076,test_acc:0.26183
epo 8, test, loss=3.1381 acc=0.2432, acc@5=0.5138
best epoch 5, best test acc=26.217
epoch:008,lr:0.0999,training_loss:3.66992,training_acc:0.23918,test_loss:3.13808,test_acc:0.24317
epo 9, test, loss=2.8247 acc=0.2740, acc@5=0.5737
********A better model is found!!**********
Saving model to :./checkpoint/mini_imagenet/teen/ft_cos-avg_cos-data_init-start_0/1224-06-32-17-066-Epo_400-Bs_128-sgd-Lr_0.1-decay0.0005-Mom_0.9-Max_400-NormF-T_16.00-tw_16-0.5-soft_proto/session0_max_acc.pth
best epoch 9, best test acc=27.400
epoch:009,lr:0.0999,training_loss:3.65481,training_acc:0.24768,test_loss:2.82474,test_acc:0.27400
epo 10, test, loss=2.6041 acc=0.3130, acc@5=0.6328
********A better model is found!!**********
Saving model to :./checkpoint/mini_imagenet/teen/ft_cos-avg_cos-data_init-start_0/1224-06-32-17-066-Epo_400-Bs_128-sgd-Lr_0.1-decay0.0005-Mom_0.9-Max_400-NormF-T_16.00-tw_16-0.5-soft_proto/session0_max_acc.pth
best epoch 10, best test acc=31.300
epoch:010,lr:0.0998,training_loss:3.62874,training_acc:0.25980,test_loss:2.60413,test_acc:0.31300
epo 11, test, loss=2.7942 acc=0.2910, acc@5=0.5868
best epoch 10, best test acc=31.300
epoch:011,lr:0.0998,training_loss:3.60226,training_acc:0.26861,test_loss:2.79419,test_acc:0.29100
epo 12, test, loss=3.0135 acc=0.2542, acc@5=0.5478
best epoch 10, best test acc=31.300
epoch:012,lr:0.0998,training_loss:3.57855,training_acc:0.27982,test_loss:3.01346,test_acc:0.25417
epo 13, test, loss=2.4315 acc=0.3548, acc@5=0.6765
********A better model is found!!**********
Saving model to :./checkpoint/mini_imagenet/teen/ft_cos-avg_cos-data_init-start_0/1224-06-32-17-066-Epo_400-Bs_128-sgd-Lr_0.1-decay0.0005-Mom_0.9-Max_400-NormF-T_16.00-tw_16-0.5-soft_proto/session0_max_acc.pth
best epoch 13, best test acc=35.483
epoch:013,lr:0.0997,training_loss:3.56688,training_acc:0.28739,test_loss:2.43154,test_acc:0.35483
epo 14, test, loss=2.3692 acc=0.3775, acc@5=0.6815
********A better model is found!!**********
Saving model to :./checkpoint/mini_imagenet/teen/ft_cos-avg_cos-data_init-start_0/1224-06-32-17-066-Epo_400-Bs_128-sgd-Lr_0.1-decay0.0005-Mom_0.9-Max_400-NormF-T_16.00-tw_16-0.5-soft_proto/session0_max_acc.pth
best epoch 14, best test acc=37.750
epoch:014,lr:0.0997,training_loss:3.54634,training_acc:0.29702,test_loss:2.36917,test_acc:0.37750
epo 15, test, loss=2.4388 acc=0.3620, acc@5=0.6743
best epoch 14, best test acc=37.750
epoch:015,lr:0.0997,training_loss:3.53229,training_acc:0.30070,test_loss:2.43876,test_acc:0.36200
epo 16, test, loss=2.5492 acc=0.3375, acc@5=0.6435
best epoch 14, best test acc=37.750
epoch:016,lr:0.0996,training_loss:3.52092,training_acc:0.31127,test_loss:2.54923,test_acc:0.33750
epo 17, test, loss=2.4421 acc=0.3618, acc@5=0.6650
best epoch 14, best test acc=37.750
epoch:017,lr:0.0996,training_loss:3.50932,training_acc:0.31381,test_loss:2.44211,test_acc:0.36183
epo 18, test, loss=2.2928 acc=0.3912, acc@5=0.6998
********A better model is found!!**********
Saving model to :./checkpoint/mini_imagenet/teen/ft_cos-avg_cos-data_init-start_0/1224-06-32-17-066-Epo_400-Bs_128-sgd-Lr_0.1-decay0.0005-Mom_0.9-Max_400-NormF-T_16.00-tw_16-0.5-soft_proto/session0_max_acc.pth
best epoch 18, best test acc=39.117
epoch:018,lr:0.0995,training_loss:3.48953,training_acc:0.32596,test_loss:2.29276,test_acc:0.39117
epo 19, test, loss=2.4648 acc=0.3533, acc@5=0.6587
best epoch 18, best test acc=39.117
epoch:019,lr:0.0994,training_loss:3.46839,training_acc:0.33016,test_loss:2.46482,test_acc:0.35333
epo 20, test, loss=2.2897 acc=0.4010, acc@5=0.7010
********A better model is found!!**********
Saving model to :./checkpoint/mini_imagenet/teen/ft_cos-avg_cos-data_init-start_0/1224-06-32-17-066-Epo_400-Bs_128-sgd-Lr_0.1-decay0.0005-Mom_0.9-Max_400-NormF-T_16.00-tw_16-0.5-soft_proto/session0_max_acc.pth
best epoch 20, best test acc=40.100
epoch:020,lr:0.0994,training_loss:3.46701,training_acc:0.33504,test_loss:2.28968,test_acc:0.40100
epo 21, test, loss=2.5176 acc=0.3498, acc@5=0.6483
best epoch 20, best test acc=40.100
epoch:021,lr:0.0993,training_loss:3.45234,training_acc:0.33965,test_loss:2.51755,test_acc:0.34983
epo 22, test, loss=2.3787 acc=0.3782, acc@5=0.6780
best epoch 20, best test acc=40.100
epoch:022,lr:0.0993,training_loss:3.45614,training_acc:0.34057,test_loss:2.37870,test_acc:0.37817
epo 23, test, loss=2.2845 acc=0.4027, acc@5=0.7095
********A better model is found!!**********
Saving model to :./checkpoint/mini_imagenet/teen/ft_cos-avg_cos-data_init-start_0/1224-06-32-17-066-Epo_400-Bs_128-sgd-Lr_0.1-decay0.0005-Mom_0.9-Max_400-NormF-T_16.00-tw_16-0.5-soft_proto/session0_max_acc.pth
best epoch 23, best test acc=40.267
epoch:023,lr:0.0992,training_loss:3.43710,training_acc:0.35086,test_loss:2.28454,test_acc:0.40267
epo 24, test, loss=2.4174 acc=0.3750, acc@5=0.6802
best epoch 23, best test acc=40.267
epoch:024,lr:0.0991,training_loss:3.42894,training_acc:0.35460,test_loss:2.41741,test_acc:0.37500
epo 25, test, loss=2.3463 acc=0.3913, acc@5=0.6898
best epoch 23, best test acc=40.267
epoch:025,lr:0.0990,training_loss:3.41033,training_acc:0.35860,test_loss:2.34630,test_acc:0.39133
epo 26, test, loss=2.3450 acc=0.3802, acc@5=0.6903
best epoch 23, best test acc=40.267
epoch:026,lr:0.0990,training_loss:3.40538,training_acc:0.36158,test_loss:2.34504,test_acc:0.38017
epo 27, test, loss=2.3202 acc=0.4077, acc@5=0.6945
********A better model is found!!**********
Saving model to :./checkpoint/mini_imagenet/teen/ft_cos-avg_cos-data_init-start_0/1224-06-32-17-066-Epo_400-Bs_128-sgd-Lr_0.1-decay0.0005-Mom_0.9-Max_400-NormF-T_16.00-tw_16-0.5-soft_proto/session0_max_acc.pth
best epoch 27, best test acc=40.767
epoch:027,lr:0.0989,training_loss:3.39100,training_acc:0.36431,test_loss:2.32022,test_acc:0.40767
epo 28, test, loss=2.3003 acc=0.3872, acc@5=0.6952
best epoch 27, best test acc=40.767
epoch:028,lr:0.0988,training_loss:3.38023,training_acc:0.37121,test_loss:2.30033,test_acc:0.38717
epo 29, test, loss=2.1603 acc=0.4263, acc@5=0.7263
********A better model is found!!**********
Saving model to :./checkpoint/mini_imagenet/teen/ft_cos-avg_cos-data_init-start_0/1224-06-32-17-066-Epo_400-Bs_128-sgd-Lr_0.1-decay0.0005-Mom_0.9-Max_400-NormF-T_16.00-tw_16-0.5-soft_proto/session0_max_acc.pth
best epoch 29, best test acc=42.633
epoch:029,lr:0.0987,training_loss:3.38696,training_acc:0.37165,test_loss:2.16025,test_acc:0.42633
epo 30, test, loss=2.4722 acc=0.3747, acc@5=0.6517
best epoch 29, best test acc=42.633
epoch:030,lr:0.0986,training_loss:3.36798,training_acc:0.37368,test_loss:2.47219,test_acc:0.37467
epo 31, test, loss=2.2868 acc=0.4152, acc@5=0.7017
best epoch 29, best test acc=42.633
epoch:031,lr:0.0985,training_loss:3.36557,training_acc:0.37682,test_loss:2.28681,test_acc:0.41517
epo 32, test, loss=2.2624 acc=0.4135, acc@5=0.6990
best epoch 29, best test acc=42.633
epoch:032,lr:0.0984,training_loss:3.35404,training_acc:0.38520,test_loss:2.26238,test_acc:0.41350
epo 33, test, loss=2.1984 acc=0.4287, acc@5=0.7215
********A better model is found!!**********
Saving model to :./checkpoint/mini_imagenet/teen/ft_cos-avg_cos-data_init-start_0/1224-06-32-17-066-Epo_400-Bs_128-sgd-Lr_0.1-decay0.0005-Mom_0.9-Max_400-NormF-T_16.00-tw_16-0.5-soft_proto/session0_max_acc.pth
best epoch 33, best test acc=42.867
epoch:033,lr:0.0983,training_loss:3.34835,training_acc:0.38639,test_loss:2.19835,test_acc:0.42867
epo 34, test, loss=2.3113 acc=0.3985, acc@5=0.6995
best epoch 33, best test acc=42.867
epoch:034,lr:0.0982,training_loss:3.33498,training_acc:0.39168,test_loss:2.31130,test_acc:0.39850
epo 35, test, loss=2.2456 acc=0.4103, acc@5=0.7137
best epoch 33, best test acc=42.867
epoch:035,lr:0.0981,training_loss:3.33631,training_acc:0.38985,test_loss:2.24559,test_acc:0.41033
epo 36, test, loss=2.1273 acc=0.4360, acc@5=0.7367
********A better model is found!!**********
Saving model to :./checkpoint/mini_imagenet/teen/ft_cos-avg_cos-data_init-start_0/1224-06-32-17-066-Epo_400-Bs_128-sgd-Lr_0.1-decay0.0005-Mom_0.9-Max_400-NormF-T_16.00-tw_16-0.5-soft_proto/session0_max_acc.pth
best epoch 36, best test acc=43.600
epoch:036,lr:0.0980,training_loss:3.33340,training_acc:0.39389,test_loss:2.12728,test_acc:0.43600
epo 37, test, loss=2.0007 acc=0.4668, acc@5=0.7607
********A better model is found!!**********
Saving model to :./checkpoint/mini_imagenet/teen/ft_cos-avg_cos-data_init-start_0/1224-06-32-17-066-Epo_400-Bs_128-sgd-Lr_0.1-decay0.0005-Mom_0.9-Max_400-NormF-T_16.00-tw_16-0.5-soft_proto/session0_max_acc.pth
best epoch 37, best test acc=46.683
epoch:037,lr:0.0979,training_loss:3.31271,training_acc:0.39942,test_loss:2.00068,test_acc:0.46683
epo 38, test, loss=2.4650 acc=0.3703, acc@5=0.6678
best epoch 37, best test acc=46.683
epoch:038,lr:0.0978,training_loss:3.31517,training_acc:0.39859,test_loss:2.46498,test_acc:0.37033
epo 39, test, loss=2.0967 acc=0.4368, acc@5=0.7430
best epoch 37, best test acc=46.683
epoch:039,lr:0.0977,training_loss:3.31402,training_acc:0.39830,test_loss:2.09669,test_acc:0.43683
epo 40, test, loss=2.1007 acc=0.4345, acc@5=0.7537
best epoch 37, best test acc=46.683
epoch:040,lr:0.0976,training_loss:3.30918,training_acc:0.40444,test_loss:2.10069,test_acc:0.43450
epo 41, test, loss=2.0352 acc=0.4532, acc@5=0.7598
best epoch 37, best test acc=46.683
epoch:041,lr:0.0974,training_loss:3.29258,training_acc:0.40623,test_loss:2.03525,test_acc:0.45317
epo 42, test, loss=1.9532 acc=0.4777, acc@5=0.7692
********A better model is found!!**********
Saving model to :./checkpoint/mini_imagenet/teen/ft_cos-avg_cos-data_init-start_0/1224-06-32-17-066-Epo_400-Bs_128-sgd-Lr_0.1-decay0.0005-Mom_0.9-Max_400-NormF-T_16.00-tw_16-0.5-soft_proto/session0_max_acc.pth
best epoch 42, best test acc=47.767
epoch:042,lr:0.0973,training_loss:3.29698,training_acc:0.41130,test_loss:1.95322,test_acc:0.47767
epo 43, test, loss=2.1828 acc=0.4220, acc@5=0.7310
best epoch 42, best test acc=47.767
epoch:043,lr:0.0972,training_loss:3.30070,training_acc:0.40514,test_loss:2.18284,test_acc:0.42200
epo 44, test, loss=2.1671 acc=0.4270, acc@5=0.7305
best epoch 42, best test acc=47.767
epoch:044,lr:0.0970,training_loss:3.28700,training_acc:0.41104,test_loss:2.16709,test_acc:0.42700
epo 45, test, loss=2.1783 acc=0.4272, acc@5=0.7237
best epoch 42, best test acc=47.767
epoch:045,lr:0.0969,training_loss:3.29702,training_acc:0.41127,test_loss:2.17830,test_acc:0.42717
epo 46, test, loss=2.1971 acc=0.4195, acc@5=0.7280
best epoch 42, best test acc=47.767
epoch:046,lr:0.0968,training_loss:3.29455,training_acc:0.41152,test_loss:2.19706,test_acc:0.41950
epo 47, test, loss=2.0406 acc=0.4603, acc@5=0.7560
best epoch 42, best test acc=47.767
epoch:047,lr:0.0966,training_loss:3.29036,training_acc:0.41360,test_loss:2.04064,test_acc:0.46033
epo 48, test, loss=1.8682 acc=0.4928, acc@5=0.7798
********A better model is found!!**********
Saving model to :./checkpoint/mini_imagenet/teen/ft_cos-avg_cos-data_init-start_0/1224-06-32-17-066-Epo_400-Bs_128-sgd-Lr_0.1-decay0.0005-Mom_0.9-Max_400-NormF-T_16.00-tw_16-0.5-soft_proto/session0_max_acc.pth
best epoch 48, best test acc=49.283
epoch:048,lr:0.0965,training_loss:3.28257,training_acc:0.41259,test_loss:1.86824,test_acc:0.49283
epo 49, test, loss=2.1607 acc=0.4340, acc@5=0.7312
best epoch 48, best test acc=49.283
epoch:049,lr:0.0963,training_loss:3.28632,training_acc:0.41534,test_loss:2.16067,test_acc:0.43400
epo 50, test, loss=1.9098 acc=0.4835, acc@5=0.7697
best epoch 48, best test acc=49.283
epoch:050,lr:0.0962,training_loss:3.28080,training_acc:0.41474,test_loss:1.90976,test_acc:0.48350
epo 51, test, loss=2.2168 acc=0.4192, acc@5=0.7127
best epoch 48, best test acc=49.283
epoch:051,lr:0.0960,training_loss:3.27571,training_acc:0.42287,test_loss:2.21681,test_acc:0.41917
epo 52, test, loss=2.0384 acc=0.4610, acc@5=0.7482
best epoch 48, best test acc=49.283
epoch:052,lr:0.0959,training_loss:3.26569,training_acc:0.42134,test_loss:2.03844,test_acc:0.46100
epo 53, test, loss=1.9475 acc=0.4778, acc@5=0.7700
best epoch 48, best test acc=49.283
epoch:053,lr:0.0957,training_loss:3.27013,training_acc:0.41835,test_loss:1.94752,test_acc:0.47783
epo 54, test, loss=2.1700 acc=0.4355, acc@5=0.7247
best epoch 48, best test acc=49.283
epoch:054,lr:0.0956,training_loss:3.27193,training_acc:0.42142,test_loss:2.17001,test_acc:0.43550
epo 55, test, loss=2.0916 acc=0.4477, acc@5=0.7395
best epoch 48, best test acc=49.283
epoch:055,lr:0.0954,training_loss:3.27515,training_acc:0.42604,test_loss:2.09155,test_acc:0.44767
epo 56, test, loss=2.0475 acc=0.4540, acc@5=0.7508
best epoch 48, best test acc=49.283
epoch:056,lr:0.0952,training_loss:3.27614,training_acc:0.41905,test_loss:2.04751,test_acc:0.45400
epo 57, test, loss=1.9815 acc=0.4705, acc@5=0.7630
best epoch 48, best test acc=49.283
epoch:057,lr:0.0951,training_loss:3.26142,training_acc:0.42582,test_loss:1.98149,test_acc:0.47050
epo 58, test, loss=1.9531 acc=0.4777, acc@5=0.7732
best epoch 48, best test acc=49.283
epoch:058,lr:0.0949,training_loss:3.27360,training_acc:0.42537,test_loss:1.95309,test_acc:0.47767
epo 59, test, loss=1.9148 acc=0.4862, acc@5=0.7762
best epoch 48, best test acc=49.283
epoch:059,lr:0.0947,training_loss:3.26686,training_acc:0.42729,test_loss:1.91485,test_acc:0.48617
epo 60, test, loss=2.1084 acc=0.4302, acc@5=0.7497
best epoch 48, best test acc=49.283
epoch:060,lr:0.0946,training_loss:3.25405,training_acc:0.43474,test_loss:2.10837,test_acc:0.43017
epo 61, test, loss=2.1148 acc=0.4420, acc@5=0.7360
best epoch 48, best test acc=49.283
epoch:061,lr:0.0944,training_loss:3.25423,training_acc:0.42926,test_loss:2.11484,test_acc:0.44200
epo 62, test, loss=2.0180 acc=0.4637, acc@5=0.7565
best epoch 48, best test acc=49.283
epoch:062,lr:0.0942,training_loss:3.26278,training_acc:0.42827,test_loss:2.01798,test_acc:0.46367
epo 63, test, loss=2.2981 acc=0.4058, acc@5=0.7007
best epoch 48, best test acc=49.283
epoch:063,lr:0.0940,training_loss:3.26059,training_acc:0.43182,test_loss:2.29808,test_acc:0.40583
epo 64, test, loss=1.9800 acc=0.4788, acc@5=0.7588
best epoch 48, best test acc=49.283
epoch:064,lr:0.0938,training_loss:3.25159,training_acc:0.43021,test_loss:1.98004,test_acc:0.47883
epo 65, test, loss=2.1843 acc=0.4435, acc@5=0.7308
best epoch 48, best test acc=49.283
epoch:065,lr:0.0936,training_loss:3.24110,training_acc:0.43340,test_loss:2.18432,test_acc:0.44350
epo 66, test, loss=2.1690 acc=0.4352, acc@5=0.7327
best epoch 48, best test acc=49.283
epoch:066,lr:0.0934,training_loss:3.24758,training_acc:0.43377,test_loss:2.16896,test_acc:0.43517
epo 67, test, loss=2.4372 acc=0.3798, acc@5=0.6710
best epoch 48, best test acc=49.283
epoch:067,lr:0.0932,training_loss:3.24031,training_acc:0.43777,test_loss:2.43723,test_acc:0.37983
epo 68, test, loss=1.9452 acc=0.4850, acc@5=0.7692
best epoch 48, best test acc=49.283
epoch:068,lr:0.0930,training_loss:3.24289,training_acc:0.43498,test_loss:1.94520,test_acc:0.48500
epo 69, test, loss=2.1026 acc=0.4627, acc@5=0.7412
best epoch 48, best test acc=49.283
epoch:069,lr:0.0928,training_loss:3.24647,training_acc:0.43405,test_loss:2.10261,test_acc:0.46267
epo 70, test, loss=2.0570 acc=0.4548, acc@5=0.7485
best epoch 48, best test acc=49.283
epoch:070,lr:0.0926,training_loss:3.23994,training_acc:0.43394,test_loss:2.05704,test_acc:0.45483
epo 71, test, loss=2.0030 acc=0.4752, acc@5=0.7565
best epoch 48, best test acc=49.283
epoch:071,lr:0.0924,training_loss:3.23553,training_acc:0.44039,test_loss:2.00303,test_acc:0.47517
epo 72, test, loss=2.1783 acc=0.4323, acc@5=0.7150
best epoch 48, best test acc=49.283
epoch:072,lr:0.0922,training_loss:3.23263,training_acc:0.43700,test_loss:2.17832,test_acc:0.43233
epo 73, test, loss=1.9399 acc=0.4723, acc@5=0.7687
best epoch 48, best test acc=49.283
epoch:073,lr:0.0920,training_loss:3.22860,training_acc:0.43760,test_loss:1.93987,test_acc:0.47233
epo 74, test, loss=1.8617 acc=0.5005, acc@5=0.7880
********A better model is found!!**********
Saving model to :./checkpoint/mini_imagenet/teen/ft_cos-avg_cos-data_init-start_0/1224-06-32-17-066-Epo_400-Bs_128-sgd-Lr_0.1-decay0.0005-Mom_0.9-Max_400-NormF-T_16.00-tw_16-0.5-soft_proto/session0_max_acc.pth
best epoch 74, best test acc=50.050
epoch:074,lr:0.0918,training_loss:3.22945,training_acc:0.44560,test_loss:1.86175,test_acc:0.50050
epo 75, test, loss=1.9730 acc=0.4742, acc@5=0.7605
best epoch 74, best test acc=50.050
epoch:075,lr:0.0916,training_loss:3.22412,training_acc:0.44127,test_loss:1.97304,test_acc:0.47417
epo 76, test, loss=1.9932 acc=0.4658, acc@5=0.7588
best epoch 74, best test acc=50.050
epoch:076,lr:0.0914,training_loss:3.23464,training_acc:0.44094,test_loss:1.99317,test_acc:0.46583
epo 77, test, loss=2.0300 acc=0.4680, acc@5=0.7455
best epoch 74, best test acc=50.050
epoch:077,lr:0.0911,training_loss:3.23283,training_acc:0.44170,test_loss:2.03000,test_acc:0.46800
epo 78, test, loss=1.9656 acc=0.4802, acc@5=0.7672
best epoch 74, best test acc=50.050
epoch:078,lr:0.0909,training_loss:3.22673,training_acc:0.44587,test_loss:1.96561,test_acc:0.48017
epo 79, test, loss=1.7545 acc=0.5215, acc@5=0.8065
********A better model is found!!**********
Saving model to :./checkpoint/mini_imagenet/teen/ft_cos-avg_cos-data_init-start_0/1224-06-32-17-066-Epo_400-Bs_128-sgd-Lr_0.1-decay0.0005-Mom_0.9-Max_400-NormF-T_16.00-tw_16-0.5-soft_proto/session0_max_acc.pth
best epoch 79, best test acc=52.150
epoch:079,lr:0.0907,training_loss:3.22674,training_acc:0.44497,test_loss:1.75448,test_acc:0.52150
epo 80, test, loss=2.0695 acc=0.4552, acc@5=0.7453
best epoch 79, best test acc=52.150
epoch:080,lr:0.0905,training_loss:3.23003,training_acc:0.44384,test_loss:2.06954,test_acc:0.45517
epo 81, test, loss=1.9082 acc=0.4898, acc@5=0.7782
best epoch 79, best test acc=52.150
epoch:081,lr:0.0902,training_loss:3.23215,training_acc:0.44688,test_loss:1.90821,test_acc:0.48983
epo 82, test, loss=1.9172 acc=0.4865, acc@5=0.7797
best epoch 79, best test acc=52.150
epoch:082,lr:0.0900,training_loss:3.22213,training_acc:0.44266,test_loss:1.91721,test_acc:0.48650
epo 83, test, loss=1.9607 acc=0.4778, acc@5=0.7758
best epoch 79, best test acc=52.150
epoch:083,lr:0.0897,training_loss:3.22164,training_acc:0.44381,test_loss:1.96070,test_acc:0.47783
epo 84, test, loss=1.9173 acc=0.4827, acc@5=0.7812
best epoch 79, best test acc=52.150
epoch:084,lr:0.0895,training_loss:3.22199,training_acc:0.45025,test_loss:1.91729,test_acc:0.48267
epo 85, test, loss=1.8003 acc=0.5157, acc@5=0.7910
best epoch 79, best test acc=52.150
epoch:085,lr:0.0893,training_loss:3.22178,training_acc:0.44742,test_loss:1.80028,test_acc:0.51567
epo 86, test, loss=1.8844 acc=0.4938, acc@5=0.7760
best epoch 79, best test acc=52.150
epoch:086,lr:0.0890,training_loss:3.21365,training_acc:0.44625,test_loss:1.88435,test_acc:0.49383
epo 87, test, loss=1.8526 acc=0.5117, acc@5=0.7852
best epoch 79, best test acc=52.150
epoch:087,lr:0.0888,training_loss:3.21487,training_acc:0.44683,test_loss:1.85260,test_acc:0.51167
epo 88, test, loss=2.0437 acc=0.4580, acc@5=0.7535
best epoch 79, best test acc=52.150
epoch:088,lr:0.0885,training_loss:3.21424,training_acc:0.45055,test_loss:2.04366,test_acc:0.45800
epo 89, test, loss=1.9137 acc=0.4870, acc@5=0.7760
best epoch 79, best test acc=52.150
epoch:089,lr:0.0883,training_loss:3.21938,training_acc:0.44978,test_loss:1.91367,test_acc:0.48700
epo 90, test, loss=1.8393 acc=0.5068, acc@5=0.7897
best epoch 79, best test acc=52.150
epoch:090,lr:0.0880,training_loss:3.20667,training_acc:0.45595,test_loss:1.83931,test_acc:0.50683
epo 91, test, loss=1.9363 acc=0.5012, acc@5=0.7667
best epoch 79, best test acc=52.150
epoch:091,lr:0.0878,training_loss:3.20863,training_acc:0.45567,test_loss:1.93628,test_acc:0.50117
epo 92, test, loss=1.9464 acc=0.4897, acc@5=0.7612
best epoch 79, best test acc=52.150
epoch:092,lr:0.0875,training_loss:3.20943,training_acc:0.45247,test_loss:1.94637,test_acc:0.48967
epo 93, test, loss=1.8197 acc=0.5110, acc@5=0.7872
best epoch 79, best test acc=52.150
epoch:093,lr:0.0872,training_loss:3.21462,training_acc:0.45089,test_loss:1.81968,test_acc:0.51100
epo 94, test, loss=2.0061 acc=0.4695, acc@5=0.7597
best epoch 79, best test acc=52.150
epoch:094,lr:0.0870,training_loss:3.19998,training_acc:0.45767,test_loss:2.00607,test_acc:0.46950
epo 95, test, loss=1.8806 acc=0.4963, acc@5=0.7850
best epoch 79, best test acc=52.150
epoch:095,lr:0.0867,training_loss:3.20842,training_acc:0.45705,test_loss:1.88056,test_acc:0.49633
epo 96, test, loss=1.8392 acc=0.5090, acc@5=0.7842
best epoch 79, best test acc=52.150
epoch:096,lr:0.0864,training_loss:3.21899,training_acc:0.45153,test_loss:1.83921,test_acc:0.50900
epo 97, test, loss=2.0089 acc=0.4742, acc@5=0.7652
best epoch 79, best test acc=52.150
epoch:097,lr:0.0862,training_loss:3.19992,training_acc:0.46373,test_loss:2.00889,test_acc:0.47417
epo 98, test, loss=1.8940 acc=0.5025, acc@5=0.7780
best epoch 79, best test acc=52.150
epoch:098,lr:0.0859,training_loss:3.20218,training_acc:0.45585,test_loss:1.89401,test_acc:0.50250
epo 99, test, loss=1.8083 acc=0.5148, acc@5=0.7910
best epoch 79, best test acc=52.150
epoch:099,lr:0.0856,training_loss:3.18745,training_acc:0.46123,test_loss:1.80831,test_acc:0.51483
epo 100, test, loss=1.8895 acc=0.5002, acc@5=0.7722
best epoch 79, best test acc=52.150
epoch:100,lr:0.0854,training_loss:3.19575,training_acc:0.45800,test_loss:1.88954,test_acc:0.50017
epo 101, test, loss=1.9245 acc=0.4972, acc@5=0.7645
best epoch 79, best test acc=52.150
epoch:101,lr:0.0851,training_loss:3.20214,training_acc:0.46190,test_loss:1.92451,test_acc:0.49717
epo 102, test, loss=1.8661 acc=0.4965, acc@5=0.7805
best epoch 79, best test acc=52.150
epoch:102,lr:0.0848,training_loss:3.19016,training_acc:0.46395,test_loss:1.86606,test_acc:0.49650
epo 103, test, loss=1.9043 acc=0.4962, acc@5=0.7782
best epoch 79, best test acc=52.150
epoch:103,lr:0.0845,training_loss:3.19388,training_acc:0.45908,test_loss:1.90429,test_acc:0.49617
epo 104, test, loss=1.8077 acc=0.5152, acc@5=0.7945
best epoch 79, best test acc=52.150
epoch:104,lr:0.0842,training_loss:3.19453,training_acc:0.45837,test_loss:1.80767,test_acc:0.51517
epo 105, test, loss=2.2281 acc=0.4240, acc@5=0.7065
best epoch 79, best test acc=52.150
epoch:105,lr:0.0839,training_loss:3.19552,training_acc:0.46275,test_loss:2.22810,test_acc:0.42400
epo 106, test, loss=1.9288 acc=0.4885, acc@5=0.7715
best epoch 79, best test acc=52.150
epoch:106,lr:0.0837,training_loss:3.19131,training_acc:0.46099,test_loss:1.92877,test_acc:0.48850
epo 107, test, loss=1.9462 acc=0.4875, acc@5=0.7743
best epoch 79, best test acc=52.150
epoch:107,lr:0.0834,training_loss:3.19605,training_acc:0.46256,test_loss:1.94621,test_acc:0.48750
epo 108, test, loss=1.8943 acc=0.4938, acc@5=0.7845
best epoch 79, best test acc=52.150
epoch:108,lr:0.0831,training_loss:3.19115,training_acc:0.46495,test_loss:1.89429,test_acc:0.49383
epo 109, test, loss=1.7217 acc=0.5340, acc@5=0.8128
********A better model is found!!**********
Saving model to :./checkpoint/mini_imagenet/teen/ft_cos-avg_cos-data_init-start_0/1224-06-32-17-066-Epo_400-Bs_128-sgd-Lr_0.1-decay0.0005-Mom_0.9-Max_400-NormF-T_16.00-tw_16-0.5-soft_proto/session0_max_acc.pth
best epoch 109, best test acc=53.400
epoch:109,lr:0.0828,training_loss:3.18594,training_acc:0.46289,test_loss:1.72168,test_acc:0.53400
epo 110, test, loss=2.0162 acc=0.4648, acc@5=0.7513
best epoch 109, best test acc=53.400
epoch:110,lr:0.0825,training_loss:3.17925,training_acc:0.46431,test_loss:2.01618,test_acc:0.46483
epo 111, test, loss=1.8237 acc=0.5082, acc@5=0.7963
best epoch 109, best test acc=53.400
epoch:111,lr:0.0822,training_loss:3.17723,training_acc:0.46762,test_loss:1.82371,test_acc:0.50817
epo 112, test, loss=2.0030 acc=0.4798, acc@5=0.7545
best epoch 109, best test acc=53.400
epoch:112,lr:0.0819,training_loss:3.18337,training_acc:0.46742,test_loss:2.00303,test_acc:0.47983
epo 113, test, loss=1.9688 acc=0.4733, acc@5=0.7647
best epoch 109, best test acc=53.400
epoch:113,lr:0.0816,training_loss:3.18343,training_acc:0.46935,test_loss:1.96880,test_acc:0.47333
epo 114, test, loss=1.6754 acc=0.5463, acc@5=0.8170
********A better model is found!!**********
Saving model to :./checkpoint/mini_imagenet/teen/ft_cos-avg_cos-data_init-start_0/1224-06-32-17-066-Epo_400-Bs_128-sgd-Lr_0.1-decay0.0005-Mom_0.9-Max_400-NormF-T_16.00-tw_16-0.5-soft_proto/session0_max_acc.pth
best epoch 114, best test acc=54.633
epoch:114,lr:0.0813,training_loss:3.18609,training_acc:0.46589,test_loss:1.67542,test_acc:0.54633
epo 115, test, loss=1.8994 acc=0.4938, acc@5=0.7803
best epoch 114, best test acc=54.633
epoch:115,lr:0.0810,training_loss:3.18007,training_acc:0.46352,test_loss:1.89944,test_acc:0.49383
epo 116, test, loss=1.8962 acc=0.4933, acc@5=0.7807
best epoch 114, best test acc=54.633
epoch:116,lr:0.0806,training_loss:3.17304,training_acc:0.46925,test_loss:1.89621,test_acc:0.49333
epo 117, test, loss=1.9308 acc=0.4907, acc@5=0.7722
best epoch 114, best test acc=54.633
epoch:117,lr:0.0803,training_loss:3.17609,training_acc:0.46955,test_loss:1.93085,test_acc:0.49067
epo 118, test, loss=1.8855 acc=0.5005, acc@5=0.7788
best epoch 114, best test acc=54.633
epoch:118,lr:0.0800,training_loss:3.17079,training_acc:0.47195,test_loss:1.88546,test_acc:0.50050
epo 119, test, loss=1.9491 acc=0.4863, acc@5=0.7725
best epoch 114, best test acc=54.633
epoch:119,lr:0.0797,training_loss:3.17072,training_acc:0.47398,test_loss:1.94913,test_acc:0.48633
epo 120, test, loss=1.7378 acc=0.5347, acc@5=0.7970
best epoch 114, best test acc=54.633
epoch:120,lr:0.0794,training_loss:3.16809,training_acc:0.47184,test_loss:1.73780,test_acc:0.53467
epo 121, test, loss=1.7764 acc=0.5188, acc@5=0.7997
best epoch 114, best test acc=54.633
epoch:121,lr:0.0791,training_loss:3.16518,training_acc:0.47124,test_loss:1.77639,test_acc:0.51883
epo 122, test, loss=1.8531 acc=0.5048, acc@5=0.7900
best epoch 114, best test acc=54.633
epoch:122,lr:0.0788,training_loss:3.16824,training_acc:0.47357,test_loss:1.85306,test_acc:0.50483
epo 123, test, loss=1.9375 acc=0.4863, acc@5=0.7715
best epoch 114, best test acc=54.633
epoch:123,lr:0.0784,training_loss:3.16884,training_acc:0.47330,test_loss:1.93750,test_acc:0.48633
epo 124, test, loss=1.8155 acc=0.5195, acc@5=0.7942
best epoch 114, best test acc=54.633
epoch:124,lr:0.0781,training_loss:3.17541,training_acc:0.47523,test_loss:1.81554,test_acc:0.51950
epo 125, test, loss=1.8815 acc=0.4940, acc@5=0.7767
best epoch 114, best test acc=54.633
epoch:125,lr:0.0778,training_loss:3.17354,training_acc:0.47246,test_loss:1.88151,test_acc:0.49400
epo 126, test, loss=1.9367 acc=0.4818, acc@5=0.7858
best epoch 114, best test acc=54.633
epoch:126,lr:0.0775,training_loss:3.17022,training_acc:0.47311,test_loss:1.93666,test_acc:0.48183
epo 127, test, loss=1.8506 acc=0.4993, acc@5=0.7888
best epoch 114, best test acc=54.633
epoch:127,lr:0.0771,training_loss:3.16008,training_acc:0.47570,test_loss:1.85056,test_acc:0.49933
epo 128, test, loss=1.8440 acc=0.4977, acc@5=0.7935
best epoch 114, best test acc=54.633
epoch:128,lr:0.0768,training_loss:3.15935,training_acc:0.47591,test_loss:1.84397,test_acc:0.49767
epo 129, test, loss=1.9872 acc=0.4758, acc@5=0.7570
best epoch 114, best test acc=54.633
epoch:129,lr:0.0765,training_loss:3.16300,training_acc:0.47598,test_loss:1.98722,test_acc:0.47583
epo 130, test, loss=1.7828 acc=0.5198, acc@5=0.7908
best epoch 114, best test acc=54.633
epoch:130,lr:0.0761,training_loss:3.15465,training_acc:0.47682,test_loss:1.78276,test_acc:0.51983
epo 131, test, loss=1.7149 acc=0.5408, acc@5=0.8127
best epoch 114, best test acc=54.633
epoch:131,lr:0.0758,training_loss:3.16163,training_acc:0.47583,test_loss:1.71493,test_acc:0.54083
epo 132, test, loss=1.8608 acc=0.5063, acc@5=0.7828
best epoch 114, best test acc=54.633
epoch:132,lr:0.0755,training_loss:3.14105,training_acc:0.48173,test_loss:1.86083,test_acc:0.50633
epo 133, test, loss=1.7354 acc=0.5298, acc@5=0.8072
best epoch 114, best test acc=54.633
epoch:133,lr:0.0751,training_loss:3.13966,training_acc:0.48280,test_loss:1.73540,test_acc:0.52983
epo 134, test, loss=1.9414 acc=0.4878, acc@5=0.7717
best epoch 114, best test acc=54.633
epoch:134,lr:0.0748,training_loss:3.15820,training_acc:0.47854,test_loss:1.94144,test_acc:0.48783
epo 135, test, loss=1.8975 acc=0.4993, acc@5=0.7745
best epoch 114, best test acc=54.633
epoch:135,lr:0.0744,training_loss:3.15140,training_acc:0.48013,test_loss:1.89751,test_acc:0.49933
epo 136, test, loss=1.7318 acc=0.5307, acc@5=0.8035
best epoch 114, best test acc=54.633
epoch:136,lr:0.0741,training_loss:3.14422,training_acc:0.48280,test_loss:1.73183,test_acc:0.53067
epo 137, test, loss=1.7807 acc=0.5185, acc@5=0.7968
best epoch 114, best test acc=54.633
epoch:137,lr:0.0737,training_loss:3.14769,training_acc:0.48203,test_loss:1.78072,test_acc:0.51850
epo 138, test, loss=1.7317 acc=0.5290, acc@5=0.8047
best epoch 114, best test acc=54.633
epoch:138,lr:0.0734,training_loss:3.15525,training_acc:0.48068,test_loss:1.73170,test_acc:0.52900
epo 139, test, loss=1.7319 acc=0.5287, acc@5=0.8052
best epoch 114, best test acc=54.633
epoch:139,lr:0.0730,training_loss:3.14611,training_acc:0.48522,test_loss:1.73194,test_acc:0.52867
epo 140, test, loss=1.7944 acc=0.5243, acc@5=0.8112
best epoch 114, best test acc=54.633
epoch:140,lr:0.0727,training_loss:3.13407,training_acc:0.48979,test_loss:1.79440,test_acc:0.52433
epo 141, test, loss=1.8588 acc=0.5060, acc@5=0.7858
best epoch 114, best test acc=54.633
epoch:141,lr:0.0723,training_loss:3.13785,training_acc:0.48460,test_loss:1.85880,test_acc:0.50600
epo 142, test, loss=1.7182 acc=0.5268, acc@5=0.8113
best epoch 114, best test acc=54.633
epoch:142,lr:0.0720,training_loss:3.13163,training_acc:0.48760,test_loss:1.71818,test_acc:0.52683
epo 143, test, loss=1.7571 acc=0.5245, acc@5=0.8018
best epoch 114, best test acc=54.633
epoch:143,lr:0.0716,training_loss:3.13999,training_acc:0.48759,test_loss:1.75709,test_acc:0.52450
epo 144, test, loss=1.9190 acc=0.4868, acc@5=0.7767
best epoch 114, best test acc=54.633
epoch:144,lr:0.0713,training_loss:3.14076,training_acc:0.48952,test_loss:1.91899,test_acc:0.48683
epo 145, test, loss=1.6465 acc=0.5500, acc@5=0.8290
********A better model is found!!**********
Saving model to :./checkpoint/mini_imagenet/teen/ft_cos-avg_cos-data_init-start_0/1224-06-32-17-066-Epo_400-Bs_128-sgd-Lr_0.1-decay0.0005-Mom_0.9-Max_400-NormF-T_16.00-tw_16-0.5-soft_proto/session0_max_acc.pth
best epoch 145, best test acc=55.000
epoch:145,lr:0.0709,training_loss:3.13947,training_acc:0.48720,test_loss:1.64647,test_acc:0.55000
epo 146, test, loss=1.7434 acc=0.5353, acc@5=0.8053
best epoch 145, best test acc=55.000
epoch:146,lr:0.0706,training_loss:3.12263,training_acc:0.49671,test_loss:1.74339,test_acc:0.53533
epo 147, test, loss=1.8935 acc=0.4922, acc@5=0.7842
best epoch 145, best test acc=55.000
epoch:147,lr:0.0702,training_loss:3.12976,training_acc:0.49081,test_loss:1.89349,test_acc:0.49217
epo 148, test, loss=1.7064 acc=0.5383, acc@5=0.8177
best epoch 145, best test acc=55.000
epoch:148,lr:0.0699,training_loss:3.13024,training_acc:0.48845,test_loss:1.70643,test_acc:0.53833
epo 149, test, loss=1.8158 acc=0.5232, acc@5=0.7892
best epoch 145, best test acc=55.000
epoch:149,lr:0.0695,training_loss:3.11551,training_acc:0.49596,test_loss:1.81584,test_acc:0.52317
epo 150, test, loss=1.7973 acc=0.5218, acc@5=0.7930
best epoch 145, best test acc=55.000
epoch:150,lr:0.0691,training_loss:3.11776,training_acc:0.49203,test_loss:1.79730,test_acc:0.52183
epo 151, test, loss=1.6740 acc=0.5438, acc@5=0.8162
best epoch 145, best test acc=55.000
epoch:151,lr:0.0688,training_loss:3.12731,training_acc:0.49117,test_loss:1.67399,test_acc:0.54383
epo 152, test, loss=1.6897 acc=0.5515, acc@5=0.8137
********A better model is found!!**********
Saving model to :./checkpoint/mini_imagenet/teen/ft_cos-avg_cos-data_init-start_0/1224-06-32-17-066-Epo_400-Bs_128-sgd-Lr_0.1-decay0.0005-Mom_0.9-Max_400-NormF-T_16.00-tw_16-0.5-soft_proto/session0_max_acc.pth
best epoch 152, best test acc=55.150
epoch:152,lr:0.0684,training_loss:3.13319,training_acc:0.49191,test_loss:1.68973,test_acc:0.55150
epo 153, test, loss=1.5876 acc=0.5597, acc@5=0.8308
********A better model is found!!**********
Saving model to :./checkpoint/mini_imagenet/teen/ft_cos-avg_cos-data_init-start_0/1224-06-32-17-066-Epo_400-Bs_128-sgd-Lr_0.1-decay0.0005-Mom_0.9-Max_400-NormF-T_16.00-tw_16-0.5-soft_proto/session0_max_acc.pth
best epoch 153, best test acc=55.967
epoch:153,lr:0.0680,training_loss:3.12632,training_acc:0.49386,test_loss:1.58758,test_acc:0.55967
epo 154, test, loss=1.6600 acc=0.5572, acc@5=0.8177
best epoch 153, best test acc=55.967
epoch:154,lr:0.0677,training_loss:3.11648,training_acc:0.50301,test_loss:1.66001,test_acc:0.55717
epo 155, test, loss=1.7596 acc=0.5315, acc@5=0.8000
best epoch 153, best test acc=55.967
epoch:155,lr:0.0673,training_loss:3.11587,training_acc:0.49785,test_loss:1.75960,test_acc:0.53150
epo 156, test, loss=1.7883 acc=0.5193, acc@5=0.8043
best epoch 153, best test acc=55.967
epoch:156,lr:0.0669,training_loss:3.11031,training_acc:0.49887,test_loss:1.78834,test_acc:0.51933
epo 157, test, loss=1.6819 acc=0.5518, acc@5=0.8167
best epoch 153, best test acc=55.967
epoch:157,lr:0.0666,training_loss:3.10863,training_acc:0.50403,test_loss:1.68188,test_acc:0.55183
epo 158, test, loss=1.8110 acc=0.5125, acc@5=0.7963
best epoch 153, best test acc=55.967
epoch:158,lr:0.0662,training_loss:3.11200,training_acc:0.49642,test_loss:1.81100,test_acc:0.51250
epo 159, test, loss=1.7770 acc=0.5308, acc@5=0.8040
best epoch 153, best test acc=55.967
epoch:159,lr:0.0658,training_loss:3.12229,training_acc:0.49640,test_loss:1.77698,test_acc:0.53083
epo 160, test, loss=1.7104 acc=0.5318, acc@5=0.8102
best epoch 153, best test acc=55.967
epoch:160,lr:0.0655,training_loss:3.11809,training_acc:0.50022,test_loss:1.71041,test_acc:0.53183
epo 161, test, loss=1.7306 acc=0.5320, acc@5=0.8073
best epoch 153, best test acc=55.967
epoch:161,lr:0.0651,training_loss:3.11112,training_acc:0.49742,test_loss:1.73061,test_acc:0.53200
epo 162, test, loss=1.6824 acc=0.5395, acc@5=0.8175
best epoch 153, best test acc=55.967
epoch:162,lr:0.0647,training_loss:3.11193,training_acc:0.50006,test_loss:1.68237,test_acc:0.53950
epo 163, test, loss=1.6424 acc=0.5507, acc@5=0.8237
best epoch 153, best test acc=55.967
epoch:163,lr:0.0643,training_loss:3.10343,training_acc:0.50750,test_loss:1.64235,test_acc:0.55067
epo 164, test, loss=1.6207 acc=0.5613, acc@5=0.8275
********A better model is found!!**********
Saving model to :./checkpoint/mini_imagenet/teen/ft_cos-avg_cos-data_init-start_0/1224-06-32-17-066-Epo_400-Bs_128-sgd-Lr_0.1-decay0.0005-Mom_0.9-Max_400-NormF-T_16.00-tw_16-0.5-soft_proto/session0_max_acc.pth
best epoch 164, best test acc=56.133
epoch:164,lr:0.0639,training_loss:3.10323,training_acc:0.50300,test_loss:1.62068,test_acc:0.56133
epo 165, test, loss=1.6269 acc=0.5647, acc@5=0.8225
********A better model is found!!**********
Saving model to :./checkpoint/mini_imagenet/teen/ft_cos-avg_cos-data_init-start_0/1224-06-32-17-066-Epo_400-Bs_128-sgd-Lr_0.1-decay0.0005-Mom_0.9-Max_400-NormF-T_16.00-tw_16-0.5-soft_proto/session0_max_acc.pth
best epoch 165, best test acc=56.467
epoch:165,lr:0.0636,training_loss:3.10200,training_acc:0.50631,test_loss:1.62693,test_acc:0.56467
epo 166, test, loss=1.7063 acc=0.5392, acc@5=0.8165
best epoch 165, best test acc=56.467
epoch:166,lr:0.0632,training_loss:3.10128,training_acc:0.50606,test_loss:1.70626,test_acc:0.53917
epo 167, test, loss=1.7893 acc=0.5213, acc@5=0.8035
best epoch 165, best test acc=56.467
epoch:167,lr:0.0628,training_loss:3.09414,training_acc:0.50659,test_loss:1.78932,test_acc:0.52133
epo 168, test, loss=1.6298 acc=0.5552, acc@5=0.8278
best epoch 165, best test acc=56.467
epoch:168,lr:0.0624,training_loss:3.09470,training_acc:0.50544,test_loss:1.62984,test_acc:0.55517
epo 169, test, loss=2.0390 acc=0.4668, acc@5=0.7395
best epoch 165, best test acc=56.467
epoch:169,lr:0.0621,training_loss:3.09711,training_acc:0.50238,test_loss:2.03904,test_acc:0.46683
epo 170, test, loss=1.5731 acc=0.5812, acc@5=0.8252
********A better model is found!!**********
Saving model to :./checkpoint/mini_imagenet/teen/ft_cos-avg_cos-data_init-start_0/1224-06-32-17-066-Epo_400-Bs_128-sgd-Lr_0.1-decay0.0005-Mom_0.9-Max_400-NormF-T_16.00-tw_16-0.5-soft_proto/session0_max_acc.pth
best epoch 170, best test acc=58.117
epoch:170,lr:0.0617,training_loss:3.09959,training_acc:0.50622,test_loss:1.57313,test_acc:0.58117
epo 171, test, loss=1.7259 acc=0.5362, acc@5=0.8097
best epoch 170, best test acc=58.117
epoch:171,lr:0.0613,training_loss:3.09075,training_acc:0.51085,test_loss:1.72594,test_acc:0.53617
epo 172, test, loss=1.7215 acc=0.5388, acc@5=0.8087
best epoch 170, best test acc=58.117
epoch:172,lr:0.0609,training_loss:3.08133,training_acc:0.51702,test_loss:1.72145,test_acc:0.53883
epo 173, test, loss=1.6475 acc=0.5500, acc@5=0.8217
best epoch 170, best test acc=58.117
epoch:173,lr:0.0605,training_loss:3.08304,training_acc:0.51341,test_loss:1.64746,test_acc:0.55000
epo 174, test, loss=1.7465 acc=0.5245, acc@5=0.8102
best epoch 170, best test acc=58.117
epoch:174,lr:0.0601,training_loss:3.09126,training_acc:0.51270,test_loss:1.74648,test_acc:0.52450
epo 175, test, loss=1.5813 acc=0.5727, acc@5=0.8332
best epoch 170, best test acc=58.117
epoch:175,lr:0.0598,training_loss:3.10101,training_acc:0.50935,test_loss:1.58127,test_acc:0.57267
epo 176, test, loss=1.7168 acc=0.5430, acc@5=0.8080
best epoch 170, best test acc=58.117
epoch:176,lr:0.0594,training_loss:3.08273,training_acc:0.51558,test_loss:1.71677,test_acc:0.54300
epo 177, test, loss=1.6987 acc=0.5457, acc@5=0.8078
best epoch 170, best test acc=58.117
epoch:177,lr:0.0590,training_loss:3.07586,training_acc:0.51536,test_loss:1.69870,test_acc:0.54567
epo 178, test, loss=1.7339 acc=0.5335, acc@5=0.8093
best epoch 170, best test acc=58.117
epoch:178,lr:0.0586,training_loss:3.07776,training_acc:0.51467,test_loss:1.73395,test_acc:0.53350
epo 179, test, loss=1.7709 acc=0.5295, acc@5=0.7967
best epoch 170, best test acc=58.117
epoch:179,lr:0.0582,training_loss:3.07733,training_acc:0.51787,test_loss:1.77095,test_acc:0.52950
epo 180, test, loss=1.5934 acc=0.5777, acc@5=0.8268
best epoch 170, best test acc=58.117
epoch:180,lr:0.0578,training_loss:3.07567,training_acc:0.51790,test_loss:1.59336,test_acc:0.57767
epo 181, test, loss=1.6007 acc=0.5660, acc@5=0.8247
best epoch 170, best test acc=58.117
epoch:181,lr:0.0574,training_loss:3.06925,training_acc:0.51782,test_loss:1.60073,test_acc:0.56600
epo 182, test, loss=1.7105 acc=0.5438, acc@5=0.8045
best epoch 170, best test acc=58.117
epoch:182,lr:0.0570,training_loss:3.07363,training_acc:0.51792,test_loss:1.71047,test_acc:0.54383
epo 183, test, loss=1.6250 acc=0.5643, acc@5=0.8208
best epoch 170, best test acc=58.117
epoch:183,lr:0.0567,training_loss:3.07995,training_acc:0.51909,test_loss:1.62505,test_acc:0.56433
epo 184, test, loss=1.5751 acc=0.5708, acc@5=0.8337
best epoch 170, best test acc=58.117
epoch:184,lr:0.0563,training_loss:3.06427,training_acc:0.52534,test_loss:1.57509,test_acc:0.57083
epo 185, test, loss=1.6332 acc=0.5522, acc@5=0.8228
best epoch 170, best test acc=58.117
epoch:185,lr:0.0559,training_loss:3.06486,training_acc:0.52599,test_loss:1.63317,test_acc:0.55217
epo 186, test, loss=1.7186 acc=0.5375, acc@5=0.8102
best epoch 170, best test acc=58.117
epoch:186,lr:0.0555,training_loss:3.07350,training_acc:0.51807,test_loss:1.71858,test_acc:0.53750
epo 187, test, loss=1.5897 acc=0.5698, acc@5=0.8390
best epoch 170, best test acc=58.117
epoch:187,lr:0.0551,training_loss:3.06484,training_acc:0.52593,test_loss:1.58969,test_acc:0.56983
epo 188, test, loss=1.6219 acc=0.5575, acc@5=0.8252
best epoch 170, best test acc=58.117
epoch:188,lr:0.0547,training_loss:3.06839,training_acc:0.52368,test_loss:1.62191,test_acc:0.55750
epo 189, test, loss=1.6765 acc=0.5452, acc@5=0.8208
best epoch 170, best test acc=58.117
epoch:189,lr:0.0543,training_loss:3.05680,training_acc:0.52796,test_loss:1.67655,test_acc:0.54517
epo 190, test, loss=1.5783 acc=0.5683, acc@5=0.8358
best epoch 170, best test acc=58.117
epoch:190,lr:0.0539,training_loss:3.04815,training_acc:0.52746,test_loss:1.57830,test_acc:0.56833
epo 191, test, loss=1.5960 acc=0.5675, acc@5=0.8317
best epoch 170, best test acc=58.117
epoch:191,lr:0.0535,training_loss:3.06387,training_acc:0.52225,test_loss:1.59597,test_acc:0.56750
epo 192, test, loss=1.7070 acc=0.5487, acc@5=0.8112
best epoch 170, best test acc=58.117
epoch:192,lr:0.0531,training_loss:3.05656,training_acc:0.53091,test_loss:1.70703,test_acc:0.54867
epo 193, test, loss=1.8388 acc=0.5185, acc@5=0.7852
best epoch 170, best test acc=58.117
epoch:193,lr:0.0527,training_loss:3.04920,training_acc:0.53334,test_loss:1.83884,test_acc:0.51850
epo 194, test, loss=1.9086 acc=0.5140, acc@5=0.7667
best epoch 170, best test acc=58.117
epoch:194,lr:0.0524,training_loss:3.04853,training_acc:0.53175,test_loss:1.90857,test_acc:0.51400
epo 195, test, loss=1.5420 acc=0.5885, acc@5=0.8388
********A better model is found!!**********
Saving model to :./checkpoint/mini_imagenet/teen/ft_cos-avg_cos-data_init-start_0/1224-06-32-17-066-Epo_400-Bs_128-sgd-Lr_0.1-decay0.0005-Mom_0.9-Max_400-NormF-T_16.00-tw_16-0.5-soft_proto/session0_max_acc.pth
best epoch 195, best test acc=58.850
epoch:195,lr:0.0520,training_loss:3.04292,training_acc:0.53599,test_loss:1.54200,test_acc:0.58850
epo 196, test, loss=1.5881 acc=0.5790, acc@5=0.8277
best epoch 195, best test acc=58.850
epoch:196,lr:0.0516,training_loss:3.04032,training_acc:0.53475,test_loss:1.58805,test_acc:0.57900
epo 197, test, loss=1.5884 acc=0.5737, acc@5=0.8297
best epoch 195, best test acc=58.850
epoch:197,lr:0.0512,training_loss:3.04672,training_acc:0.53341,test_loss:1.58836,test_acc:0.57367
epo 198, test, loss=1.5495 acc=0.5790, acc@5=0.8402
best epoch 195, best test acc=58.850
epoch:198,lr:0.0508,training_loss:3.04421,training_acc:0.53320,test_loss:1.54948,test_acc:0.57900
epo 199, test, loss=1.6516 acc=0.5587, acc@5=0.8218
best epoch 195, best test acc=58.850
epoch:199,lr:0.0504,training_loss:3.03323,training_acc:0.54174,test_loss:1.65161,test_acc:0.55867
epo 200, test, loss=1.6027 acc=0.5663, acc@5=0.8268
best epoch 195, best test acc=58.850
epoch:200,lr:0.0500,training_loss:3.03140,training_acc:0.53842,test_loss:1.60268,test_acc:0.56633
epo 201, test, loss=1.5878 acc=0.5718, acc@5=0.8272
best epoch 195, best test acc=58.850
epoch:201,lr:0.0496,training_loss:3.03510,training_acc:0.54019,test_loss:1.58783,test_acc:0.57183
epo 202, test, loss=1.5340 acc=0.5783, acc@5=0.8470
best epoch 195, best test acc=58.850
epoch:202,lr:0.0492,training_loss:3.03694,training_acc:0.53728,test_loss:1.53398,test_acc:0.57833
epo 203, test, loss=1.7611 acc=0.5413, acc@5=0.8000
best epoch 195, best test acc=58.850
epoch:203,lr:0.0488,training_loss:3.03658,training_acc:0.53992,test_loss:1.76110,test_acc:0.54133
epo 204, test, loss=1.6492 acc=0.5652, acc@5=0.8225
best epoch 195, best test acc=58.850
epoch:204,lr:0.0484,training_loss:3.03623,training_acc:0.53961,test_loss:1.64918,test_acc:0.56517
epo 205, test, loss=1.5691 acc=0.5817, acc@5=0.8247
best epoch 195, best test acc=58.850
epoch:205,lr:0.0480,training_loss:3.03737,training_acc:0.53727,test_loss:1.56911,test_acc:0.58167
epo 206, test, loss=1.5339 acc=0.5727, acc@5=0.8437
best epoch 195, best test acc=58.850
epoch:206,lr:0.0476,training_loss:3.03516,training_acc:0.54479,test_loss:1.53394,test_acc:0.57267
epo 207, test, loss=1.6014 acc=0.5742, acc@5=0.8298
best epoch 195, best test acc=58.850
epoch:207,lr:0.0473,training_loss:3.02551,training_acc:0.54476,test_loss:1.60139,test_acc:0.57417
epo 208, test, loss=1.6473 acc=0.5568, acc@5=0.8235
best epoch 195, best test acc=58.850
epoch:208,lr:0.0469,training_loss:3.02216,training_acc:0.54668,test_loss:1.64729,test_acc:0.55683
epo 209, test, loss=1.6198 acc=0.5758, acc@5=0.8253
best epoch 195, best test acc=58.850
epoch:209,lr:0.0465,training_loss:3.02032,training_acc:0.54705,test_loss:1.61978,test_acc:0.57583
epo 210, test, loss=1.5937 acc=0.5677, acc@5=0.8338
best epoch 195, best test acc=58.850
epoch:210,lr:0.0461,training_loss:3.02067,training_acc:0.54721,test_loss:1.59366,test_acc:0.56767
epo 211, test, loss=1.6218 acc=0.5688, acc@5=0.8262
best epoch 195, best test acc=58.850
epoch:211,lr:0.0457,training_loss:3.01697,training_acc:0.54744,test_loss:1.62179,test_acc:0.56883
epo 212, test, loss=1.6437 acc=0.5543, acc@5=0.8258
best epoch 195, best test acc=58.850
epoch:212,lr:0.0453,training_loss:3.01527,training_acc:0.54946,test_loss:1.64368,test_acc:0.55433
epo 213, test, loss=1.4111 acc=0.6167, acc@5=0.8558
********A better model is found!!**********
Saving model to :./checkpoint/mini_imagenet/teen/ft_cos-avg_cos-data_init-start_0/1224-06-32-17-066-Epo_400-Bs_128-sgd-Lr_0.1-decay0.0005-Mom_0.9-Max_400-NormF-T_16.00-tw_16-0.5-soft_proto/session0_max_acc.pth
best epoch 213, best test acc=61.667
epoch:213,lr:0.0449,training_loss:3.02192,training_acc:0.55084,test_loss:1.41111,test_acc:0.61667
epo 214, test, loss=1.5761 acc=0.5748, acc@5=0.8267
best epoch 213, best test acc=61.667
epoch:214,lr:0.0445,training_loss:3.02231,training_acc:0.55195,test_loss:1.57612,test_acc:0.57483
epo 215, test, loss=1.4985 acc=0.5942, acc@5=0.8415
best epoch 213, best test acc=61.667
epoch:215,lr:0.0441,training_loss:3.00774,training_acc:0.55101,test_loss:1.49854,test_acc:0.59417
epo 216, test, loss=1.5412 acc=0.5827, acc@5=0.8378
best epoch 213, best test acc=61.667
epoch:216,lr:0.0437,training_loss:3.01910,training_acc:0.55034,test_loss:1.54115,test_acc:0.58267
epo 217, test, loss=1.4726 acc=0.6018, acc@5=0.8443
best epoch 213, best test acc=61.667
epoch:217,lr:0.0433,training_loss:3.02030,training_acc:0.55542,test_loss:1.47257,test_acc:0.60183
epo 218, test, loss=1.4492 acc=0.6117, acc@5=0.8487
best epoch 213, best test acc=61.667
epoch:218,lr:0.0430,training_loss:3.00455,training_acc:0.56006,test_loss:1.44917,test_acc:0.61167
epo 219, test, loss=1.5363 acc=0.5845, acc@5=0.8363
best epoch 213, best test acc=61.667
epoch:219,lr:0.0426,training_loss:3.00633,training_acc:0.55799,test_loss:1.53631,test_acc:0.58450
epo 220, test, loss=1.5545 acc=0.5888, acc@5=0.8385
best epoch 213, best test acc=61.667
epoch:220,lr:0.0422,training_loss:3.00653,training_acc:0.55953,test_loss:1.55448,test_acc:0.58883
epo 221, test, loss=1.5672 acc=0.5807, acc@5=0.8368
best epoch 213, best test acc=61.667
epoch:221,lr:0.0418,training_loss:3.00126,training_acc:0.55646,test_loss:1.56715,test_acc:0.58067
epo 222, test, loss=1.4245 acc=0.6115, acc@5=0.8583
best epoch 213, best test acc=61.667
epoch:222,lr:0.0414,training_loss:2.99101,training_acc:0.56073,test_loss:1.42447,test_acc:0.61150
epo 223, test, loss=1.5546 acc=0.5810, acc@5=0.8325
best epoch 213, best test acc=61.667
epoch:223,lr:0.0410,training_loss:2.98858,training_acc:0.56133,test_loss:1.55458,test_acc:0.58100
epo 224, test, loss=1.4292 acc=0.6083, acc@5=0.8603
best epoch 213, best test acc=61.667
epoch:224,lr:0.0406,training_loss:2.99382,training_acc:0.56180,test_loss:1.42915,test_acc:0.60833
epo 225, test, loss=1.4104 acc=0.6125, acc@5=0.8522
best epoch 213, best test acc=61.667
epoch:225,lr:0.0402,training_loss:2.98624,training_acc:0.56421,test_loss:1.41037,test_acc:0.61250
epo 226, test, loss=1.4031 acc=0.6180, acc@5=0.8590
********A better model is found!!**********
Saving model to :./checkpoint/mini_imagenet/teen/ft_cos-avg_cos-data_init-start_0/1224-06-32-17-066-Epo_400-Bs_128-sgd-Lr_0.1-decay0.0005-Mom_0.9-Max_400-NormF-T_16.00-tw_16-0.5-soft_proto/session0_max_acc.pth
best epoch 226, best test acc=61.800
epoch:226,lr:0.0399,training_loss:2.99144,training_acc:0.56903,test_loss:1.40315,test_acc:0.61800
epo 227, test, loss=1.4956 acc=0.5937, acc@5=0.8483
best epoch 226, best test acc=61.800
epoch:227,lr:0.0395,training_loss:2.97495,training_acc:0.56978,test_loss:1.49557,test_acc:0.59367
epo 228, test, loss=1.4387 acc=0.6095, acc@5=0.8548
best epoch 226, best test acc=61.800
epoch:228,lr:0.0391,training_loss:2.98880,training_acc:0.56303,test_loss:1.43866,test_acc:0.60950
epo 229, test, loss=1.4344 acc=0.6120, acc@5=0.8545
best epoch 226, best test acc=61.800
epoch:229,lr:0.0387,training_loss:2.97306,training_acc:0.57037,test_loss:1.43436,test_acc:0.61200
epo 230, test, loss=1.4693 acc=0.6025, acc@5=0.8483
best epoch 226, best test acc=61.800
epoch:230,lr:0.0383,training_loss:2.96141,training_acc:0.57199,test_loss:1.46925,test_acc:0.60250
epo 231, test, loss=1.5307 acc=0.5867, acc@5=0.8458
best epoch 226, best test acc=61.800
epoch:231,lr:0.0379,training_loss:2.96073,training_acc:0.57418,test_loss:1.53068,test_acc:0.58667
epo 232, test, loss=1.4387 acc=0.6173, acc@5=0.8497
best epoch 226, best test acc=61.800
epoch:232,lr:0.0376,training_loss:2.95553,training_acc:0.57646,test_loss:1.43872,test_acc:0.61733
epo 233, test, loss=1.3717 acc=0.6212, acc@5=0.8627
********A better model is found!!**********
Saving model to :./checkpoint/mini_imagenet/teen/ft_cos-avg_cos-data_init-start_0/1224-06-32-17-066-Epo_400-Bs_128-sgd-Lr_0.1-decay0.0005-Mom_0.9-Max_400-NormF-T_16.00-tw_16-0.5-soft_proto/session0_max_acc.pth
best epoch 233, best test acc=62.117
epoch:233,lr:0.0372,training_loss:2.96793,training_acc:0.57206,test_loss:1.37171,test_acc:0.62117
epo 234, test, loss=1.4249 acc=0.6128, acc@5=0.8602
best epoch 233, best test acc=62.117
epoch:234,lr:0.0368,training_loss:2.94879,training_acc:0.57790,test_loss:1.42494,test_acc:0.61283
epo 235, test, loss=1.4214 acc=0.6027, acc@5=0.8580
best epoch 233, best test acc=62.117
epoch:235,lr:0.0364,training_loss:2.95446,training_acc:0.57980,test_loss:1.42138,test_acc:0.60267
epo 236, test, loss=1.3864 acc=0.6252, acc@5=0.8608
********A better model is found!!**********
Saving model to :./checkpoint/mini_imagenet/teen/ft_cos-avg_cos-data_init-start_0/1224-06-32-17-066-Epo_400-Bs_128-sgd-Lr_0.1-decay0.0005-Mom_0.9-Max_400-NormF-T_16.00-tw_16-0.5-soft_proto/session0_max_acc.pth
best epoch 236, best test acc=62.517
epoch:236,lr:0.0361,training_loss:2.95463,training_acc:0.57738,test_loss:1.38640,test_acc:0.62517
epo 237, test, loss=1.4384 acc=0.6132, acc@5=0.8592
best epoch 236, best test acc=62.517
epoch:237,lr:0.0357,training_loss:2.94655,training_acc:0.58678,test_loss:1.43841,test_acc:0.61317
epo 238, test, loss=1.4341 acc=0.6138, acc@5=0.8533
best epoch 236, best test acc=62.517
epoch:238,lr:0.0353,training_loss:2.96433,training_acc:0.57318,test_loss:1.43414,test_acc:0.61383
epo 239, test, loss=1.4192 acc=0.6170, acc@5=0.8538
best epoch 236, best test acc=62.517
epoch:239,lr:0.0349,training_loss:2.95651,training_acc:0.58034,test_loss:1.41923,test_acc:0.61700
epo 240, test, loss=1.5108 acc=0.5937, acc@5=0.8347
best epoch 236, best test acc=62.517
epoch:240,lr:0.0345,training_loss:2.95492,training_acc:0.58172,test_loss:1.51075,test_acc:0.59367
epo 241, test, loss=1.4349 acc=0.6178, acc@5=0.8503
best epoch 236, best test acc=62.517
epoch:241,lr:0.0342,training_loss:2.94240,training_acc:0.58702,test_loss:1.43489,test_acc:0.61783
epo 242, test, loss=1.3750 acc=0.6302, acc@5=0.8583
********A better model is found!!**********
Saving model to :./checkpoint/mini_imagenet/teen/ft_cos-avg_cos-data_init-start_0/1224-06-32-17-066-Epo_400-Bs_128-sgd-Lr_0.1-decay0.0005-Mom_0.9-Max_400-NormF-T_16.00-tw_16-0.5-soft_proto/session0_max_acc.pth
best epoch 242, best test acc=63.017
epoch:242,lr:0.0338,training_loss:2.93973,training_acc:0.58338,test_loss:1.37503,test_acc:0.63017
epo 243, test, loss=1.4873 acc=0.6018, acc@5=0.8483
best epoch 242, best test acc=63.017
epoch:243,lr:0.0334,training_loss:2.93257,training_acc:0.58652,test_loss:1.48730,test_acc:0.60183
epo 244, test, loss=1.4714 acc=0.5997, acc@5=0.8533
best epoch 242, best test acc=63.017
epoch:244,lr:0.0331,training_loss:2.94497,training_acc:0.58866,test_loss:1.47142,test_acc:0.59967
epo 245, test, loss=1.3082 acc=0.6423, acc@5=0.8748
********A better model is found!!**********
Saving model to :./checkpoint/mini_imagenet/teen/ft_cos-avg_cos-data_init-start_0/1224-06-32-17-066-Epo_400-Bs_128-sgd-Lr_0.1-decay0.0005-Mom_0.9-Max_400-NormF-T_16.00-tw_16-0.5-soft_proto/session0_max_acc.pth
best epoch 245, best test acc=64.233
epoch:245,lr:0.0327,training_loss:2.93354,training_acc:0.58590,test_loss:1.30822,test_acc:0.64233
epo 246, test, loss=1.4346 acc=0.6100, acc@5=0.8555
best epoch 245, best test acc=64.233
epoch:246,lr:0.0323,training_loss:2.92295,training_acc:0.59277,test_loss:1.43464,test_acc:0.61000
epo 247, test, loss=1.5078 acc=0.5878, acc@5=0.8430
best epoch 245, best test acc=64.233
epoch:247,lr:0.0320,training_loss:2.91924,training_acc:0.59094,test_loss:1.50779,test_acc:0.58783
epo 248, test, loss=1.5652 acc=0.5722, acc@5=0.8313
best epoch 245, best test acc=64.233
epoch:248,lr:0.0316,training_loss:2.92954,training_acc:0.59039,test_loss:1.56518,test_acc:0.57217
epo 249, test, loss=1.3826 acc=0.6232, acc@5=0.8623
best epoch 245, best test acc=64.233
epoch:249,lr:0.0312,training_loss:2.91656,training_acc:0.59341,test_loss:1.38263,test_acc:0.62317
epo 250, test, loss=1.3788 acc=0.6220, acc@5=0.8647
best epoch 245, best test acc=64.233
epoch:250,lr:0.0309,training_loss:2.90110,training_acc:0.60175,test_loss:1.37879,test_acc:0.62200
epo 251, test, loss=1.3950 acc=0.6218, acc@5=0.8585
best epoch 245, best test acc=64.233
epoch:251,lr:0.0305,training_loss:2.91095,training_acc:0.59624,test_loss:1.39505,test_acc:0.62183
epo 252, test, loss=1.4894 acc=0.5892, acc@5=0.8477
best epoch 245, best test acc=64.233
epoch:252,lr:0.0301,training_loss:2.92416,training_acc:0.59805,test_loss:1.48938,test_acc:0.58917
epo 253, test, loss=1.3919 acc=0.6257, acc@5=0.8600
best epoch 245, best test acc=64.233
epoch:253,lr:0.0298,training_loss:2.90563,training_acc:0.60173,test_loss:1.39186,test_acc:0.62567
epo 254, test, loss=1.4066 acc=0.6202, acc@5=0.8570
best epoch 245, best test acc=64.233
epoch:254,lr:0.0294,training_loss:2.90535,training_acc:0.60204,test_loss:1.40657,test_acc:0.62017
epo 255, test, loss=1.3791 acc=0.6193, acc@5=0.8608
best epoch 245, best test acc=64.233
epoch:255,lr:0.0291,training_loss:2.90001,training_acc:0.60510,test_loss:1.37907,test_acc:0.61933
epo 256, test, loss=1.3528 acc=0.6328, acc@5=0.8730
best epoch 245, best test acc=64.233
epoch:256,lr:0.0287,training_loss:2.90958,training_acc:0.59959,test_loss:1.35283,test_acc:0.63283
epo 257, test, loss=1.4766 acc=0.6075, acc@5=0.8507
best epoch 245, best test acc=64.233
epoch:257,lr:0.0284,training_loss:2.91178,training_acc:0.60675,test_loss:1.47657,test_acc:0.60750
epo 258, test, loss=1.2913 acc=0.6445, acc@5=0.8743
********A better model is found!!**********
Saving model to :./checkpoint/mini_imagenet/teen/ft_cos-avg_cos-data_init-start_0/1224-06-32-17-066-Epo_400-Bs_128-sgd-Lr_0.1-decay0.0005-Mom_0.9-Max_400-NormF-T_16.00-tw_16-0.5-soft_proto/session0_max_acc.pth
best epoch 258, best test acc=64.450
epoch:258,lr:0.0280,training_loss:2.89365,training_acc:0.61223,test_loss:1.29134,test_acc:0.64450
epo 259, test, loss=1.2994 acc=0.6433, acc@5=0.8682
best epoch 258, best test acc=64.450
epoch:259,lr:0.0277,training_loss:2.89924,training_acc:0.60826,test_loss:1.29936,test_acc:0.64333
epo 260, test, loss=1.3155 acc=0.6453, acc@5=0.8683
********A better model is found!!**********
Saving model to :./checkpoint/mini_imagenet/teen/ft_cos-avg_cos-data_init-start_0/1224-06-32-17-066-Epo_400-Bs_128-sgd-Lr_0.1-decay0.0005-Mom_0.9-Max_400-NormF-T_16.00-tw_16-0.5-soft_proto/session0_max_acc.pth
best epoch 260, best test acc=64.533
epoch:260,lr:0.0273,training_loss:2.88694,training_acc:0.60766,test_loss:1.31546,test_acc:0.64533
epo 261, test, loss=1.2986 acc=0.6473, acc@5=0.8703
********A better model is found!!**********
Saving model to :./checkpoint/mini_imagenet/teen/ft_cos-avg_cos-data_init-start_0/1224-06-32-17-066-Epo_400-Bs_128-sgd-Lr_0.1-decay0.0005-Mom_0.9-Max_400-NormF-T_16.00-tw_16-0.5-soft_proto/session0_max_acc.pth
best epoch 261, best test acc=64.733
epoch:261,lr:0.0270,training_loss:2.88276,training_acc:0.61418,test_loss:1.29865,test_acc:0.64733
epo 262, test, loss=1.4573 acc=0.6067, acc@5=0.8548
best epoch 261, best test acc=64.733
epoch:262,lr:0.0266,training_loss:2.88162,training_acc:0.61244,test_loss:1.45728,test_acc:0.60667
epo 263, test, loss=1.3105 acc=0.6388, acc@5=0.8810
best epoch 261, best test acc=64.733
epoch:263,lr:0.0263,training_loss:2.88072,training_acc:0.61928,test_loss:1.31051,test_acc:0.63883
epo 264, test, loss=1.3512 acc=0.6345, acc@5=0.8635
best epoch 261, best test acc=64.733
epoch:264,lr:0.0259,training_loss:2.88122,training_acc:0.61490,test_loss:1.35117,test_acc:0.63450
epo 265, test, loss=1.3023 acc=0.6397, acc@5=0.8793
best epoch 261, best test acc=64.733
epoch:265,lr:0.0256,training_loss:2.86949,training_acc:0.61959,test_loss:1.30234,test_acc:0.63967
epo 266, test, loss=1.3326 acc=0.6347, acc@5=0.8688
best epoch 261, best test acc=64.733
epoch:266,lr:0.0252,training_loss:2.87458,training_acc:0.61364,test_loss:1.33265,test_acc:0.63467
epo 267, test, loss=1.3632 acc=0.6305, acc@5=0.8662
best epoch 261, best test acc=64.733
epoch:267,lr:0.0249,training_loss:2.86846,training_acc:0.62314,test_loss:1.36317,test_acc:0.63050
epo 268, test, loss=1.3359 acc=0.6362, acc@5=0.8650
best epoch 261, best test acc=64.733
epoch:268,lr:0.0245,training_loss:2.86778,training_acc:0.62270,test_loss:1.33589,test_acc:0.63617
epo 269, test, loss=1.2999 acc=0.6455, acc@5=0.8730
best epoch 261, best test acc=64.733
epoch:269,lr:0.0242,training_loss:2.86997,training_acc:0.61977,test_loss:1.29987,test_acc:0.64550
epo 270, test, loss=1.2901 acc=0.6498, acc@5=0.8760
********A better model is found!!**********
Saving model to :./checkpoint/mini_imagenet/teen/ft_cos-avg_cos-data_init-start_0/1224-06-32-17-066-Epo_400-Bs_128-sgd-Lr_0.1-decay0.0005-Mom_0.9-Max_400-NormF-T_16.00-tw_16-0.5-soft_proto/session0_max_acc.pth
best epoch 270, best test acc=64.983
epoch:270,lr:0.0239,training_loss:2.86070,training_acc:0.62670,test_loss:1.29007,test_acc:0.64983
epo 271, test, loss=1.2742 acc=0.6580, acc@5=0.8757
********A better model is found!!**********
Saving model to :./checkpoint/mini_imagenet/teen/ft_cos-avg_cos-data_init-start_0/1224-06-32-17-066-Epo_400-Bs_128-sgd-Lr_0.1-decay0.0005-Mom_0.9-Max_400-NormF-T_16.00-tw_16-0.5-soft_proto/session0_max_acc.pth
best epoch 271, best test acc=65.800
epoch:271,lr:0.0235,training_loss:2.86015,training_acc:0.62756,test_loss:1.27416,test_acc:0.65800
epo 272, test, loss=1.2925 acc=0.6517, acc@5=0.8758
best epoch 271, best test acc=65.800
epoch:272,lr:0.0232,training_loss:2.85684,training_acc:0.62939,test_loss:1.29248,test_acc:0.65167
epo 273, test, loss=1.2766 acc=0.6528, acc@5=0.8747
best epoch 271, best test acc=65.800
epoch:273,lr:0.0229,training_loss:2.85771,training_acc:0.62909,test_loss:1.27656,test_acc:0.65283
epo 274, test, loss=1.3620 acc=0.6280, acc@5=0.8718
best epoch 271, best test acc=65.800
epoch:274,lr:0.0225,training_loss:2.84630,training_acc:0.63336,test_loss:1.36199,test_acc:0.62800
epo 275, test, loss=1.3395 acc=0.6380, acc@5=0.8697
best epoch 271, best test acc=65.800
epoch:275,lr:0.0222,training_loss:2.84902,training_acc:0.63145,test_loss:1.33950,test_acc:0.63800
epo 276, test, loss=1.2339 acc=0.6633, acc@5=0.8830
********A better model is found!!**********
Saving model to :./checkpoint/mini_imagenet/teen/ft_cos-avg_cos-data_init-start_0/1224-06-32-17-066-Epo_400-Bs_128-sgd-Lr_0.1-decay0.0005-Mom_0.9-Max_400-NormF-T_16.00-tw_16-0.5-soft_proto/session0_max_acc.pth
best epoch 276, best test acc=66.333
epoch:276,lr:0.0219,training_loss:2.84798,training_acc:0.63447,test_loss:1.23390,test_acc:0.66333
epo 277, test, loss=1.3870 acc=0.6217, acc@5=0.8618
best epoch 276, best test acc=66.333
epoch:277,lr:0.0216,training_loss:2.83411,training_acc:0.63594,test_loss:1.38699,test_acc:0.62167
epo 278, test, loss=1.2362 acc=0.6697, acc@5=0.8777
********A better model is found!!**********
Saving model to :./checkpoint/mini_imagenet/teen/ft_cos-avg_cos-data_init-start_0/1224-06-32-17-066-Epo_400-Bs_128-sgd-Lr_0.1-decay0.0005-Mom_0.9-Max_400-NormF-T_16.00-tw_16-0.5-soft_proto/session0_max_acc.pth
best epoch 278, best test acc=66.967
epoch:278,lr:0.0212,training_loss:2.82154,training_acc:0.64272,test_loss:1.23618,test_acc:0.66967
epo 279, test, loss=1.2642 acc=0.6525, acc@5=0.8808
best epoch 278, best test acc=66.967
epoch:279,lr:0.0209,training_loss:2.83309,training_acc:0.64067,test_loss:1.26419,test_acc:0.65250
epo 280, test, loss=1.2481 acc=0.6597, acc@5=0.8782
best epoch 278, best test acc=66.967
epoch:280,lr:0.0206,training_loss:2.83021,training_acc:0.64668,test_loss:1.24812,test_acc:0.65967
epo 281, test, loss=1.2987 acc=0.6427, acc@5=0.8753
best epoch 278, best test acc=66.967
epoch:281,lr:0.0203,training_loss:2.82875,training_acc:0.64335,test_loss:1.29871,test_acc:0.64267
epo 282, test, loss=1.2126 acc=0.6682, acc@5=0.8883
best epoch 278, best test acc=66.967
epoch:282,lr:0.0200,training_loss:2.82716,training_acc:0.64071,test_loss:1.21257,test_acc:0.66817
epo 283, test, loss=1.3569 acc=0.6312, acc@5=0.8608
best epoch 278, best test acc=66.967
epoch:283,lr:0.0197,training_loss:2.81810,training_acc:0.64526,test_loss:1.35688,test_acc:0.63117
epo 284, test, loss=1.2265 acc=0.6623, acc@5=0.8848
best epoch 278, best test acc=66.967
epoch:284,lr:0.0194,training_loss:2.81093,training_acc:0.65075,test_loss:1.22646,test_acc:0.66233
epo 285, test, loss=1.2826 acc=0.6515, acc@5=0.8767
best epoch 278, best test acc=66.967
epoch:285,lr:0.0190,training_loss:2.81718,training_acc:0.65277,test_loss:1.28262,test_acc:0.65150
epo 286, test, loss=1.1945 acc=0.6770, acc@5=0.8882
********A better model is found!!**********
Saving model to :./checkpoint/mini_imagenet/teen/ft_cos-avg_cos-data_init-start_0/1224-06-32-17-066-Epo_400-Bs_128-sgd-Lr_0.1-decay0.0005-Mom_0.9-Max_400-NormF-T_16.00-tw_16-0.5-soft_proto/session0_max_acc.pth
best epoch 286, best test acc=67.700
epoch:286,lr:0.0187,training_loss:2.81288,training_acc:0.65448,test_loss:1.19449,test_acc:0.67700
epo 287, test, loss=1.2569 acc=0.6550, acc@5=0.8820
best epoch 286, best test acc=67.700
epoch:287,lr:0.0184,training_loss:2.80734,training_acc:0.65208,test_loss:1.25687,test_acc:0.65500
epo 288, test, loss=1.2557 acc=0.6593, acc@5=0.8795
best epoch 286, best test acc=67.700
epoch:288,lr:0.0181,training_loss:2.80417,training_acc:0.65490,test_loss:1.25568,test_acc:0.65933
epo 289, test, loss=1.2128 acc=0.6708, acc@5=0.8850
best epoch 286, best test acc=67.700
epoch:289,lr:0.0178,training_loss:2.79069,training_acc:0.66028,test_loss:1.21283,test_acc:0.67083
epo 290, test, loss=1.2633 acc=0.6593, acc@5=0.8762
best epoch 286, best test acc=67.700
epoch:290,lr:0.0175,training_loss:2.79244,training_acc:0.66199,test_loss:1.26332,test_acc:0.65933
epo 291, test, loss=1.1440 acc=0.6892, acc@5=0.8975
********A better model is found!!**********
Saving model to :./checkpoint/mini_imagenet/teen/ft_cos-avg_cos-data_init-start_0/1224-06-32-17-066-Epo_400-Bs_128-sgd-Lr_0.1-decay0.0005-Mom_0.9-Max_400-NormF-T_16.00-tw_16-0.5-soft_proto/session0_max_acc.pth
best epoch 291, best test acc=68.917
epoch:291,lr:0.0172,training_loss:2.78209,training_acc:0.66569,test_loss:1.14395,test_acc:0.68917
epo 292, test, loss=1.2679 acc=0.6615, acc@5=0.8765
best epoch 291, best test acc=68.917
epoch:292,lr:0.0169,training_loss:2.79448,training_acc:0.66180,test_loss:1.26785,test_acc:0.66150
epo 293, test, loss=1.2260 acc=0.6710, acc@5=0.8800
best epoch 291, best test acc=68.917
epoch:293,lr:0.0166,training_loss:2.78542,training_acc:0.66482,test_loss:1.22605,test_acc:0.67100
epo 294, test, loss=1.1795 acc=0.6790, acc@5=0.8860
best epoch 291, best test acc=68.917
epoch:294,lr:0.0163,training_loss:2.78271,training_acc:0.66559,test_loss:1.17952,test_acc:0.67900
epo 295, test, loss=1.2215 acc=0.6667, acc@5=0.8862
best epoch 291, best test acc=68.917
epoch:295,lr:0.0161,training_loss:2.77597,training_acc:0.66968,test_loss:1.22150,test_acc:0.66667
epo 296, test, loss=1.1352 acc=0.6940, acc@5=0.8930
********A better model is found!!**********
Saving model to :./checkpoint/mini_imagenet/teen/ft_cos-avg_cos-data_init-start_0/1224-06-32-17-066-Epo_400-Bs_128-sgd-Lr_0.1-decay0.0005-Mom_0.9-Max_400-NormF-T_16.00-tw_16-0.5-soft_proto/session0_max_acc.pth
best epoch 296, best test acc=69.400
epoch:296,lr:0.0158,training_loss:2.77811,training_acc:0.67171,test_loss:1.13520,test_acc:0.69400
epo 297, test, loss=1.1659 acc=0.6852, acc@5=0.8873
best epoch 296, best test acc=69.400
epoch:297,lr:0.0155,training_loss:2.77001,training_acc:0.67027,test_loss:1.16587,test_acc:0.68517
epo 298, test, loss=1.1570 acc=0.6857, acc@5=0.8880
best epoch 296, best test acc=69.400
epoch:298,lr:0.0152,training_loss:2.75357,training_acc:0.67641,test_loss:1.15696,test_acc:0.68567
epo 299, test, loss=1.1901 acc=0.6770, acc@5=0.8905
best epoch 296, best test acc=69.400
epoch:299,lr:0.0149,training_loss:2.75330,training_acc:0.67979,test_loss:1.19006,test_acc:0.67700
epo 300, test, loss=1.1992 acc=0.6702, acc@5=0.8870
best epoch 296, best test acc=69.400
epoch:300,lr:0.0146,training_loss:2.75429,training_acc:0.67924,test_loss:1.19921,test_acc:0.67017
epo 301, test, loss=1.1663 acc=0.6825, acc@5=0.8942
best epoch 296, best test acc=69.400
epoch:301,lr:0.0144,training_loss:2.75257,training_acc:0.68388,test_loss:1.16633,test_acc:0.68250
epo 302, test, loss=1.2318 acc=0.6643, acc@5=0.8830
best epoch 296, best test acc=69.400
epoch:302,lr:0.0141,training_loss:2.74986,training_acc:0.68331,test_loss:1.23177,test_acc:0.66433
epo 303, test, loss=1.1537 acc=0.6903, acc@5=0.8893
best epoch 296, best test acc=69.400
epoch:303,lr:0.0138,training_loss:2.74205,training_acc:0.68875,test_loss:1.15375,test_acc:0.69033
epo 304, test, loss=1.1691 acc=0.6790, acc@5=0.8920
best epoch 296, best test acc=69.400
epoch:304,lr:0.0136,training_loss:2.74456,training_acc:0.68780,test_loss:1.16907,test_acc:0.67900
epo 305, test, loss=1.1772 acc=0.6765, acc@5=0.8930
best epoch 296, best test acc=69.400
epoch:305,lr:0.0133,training_loss:2.74671,training_acc:0.68872,test_loss:1.17718,test_acc:0.67650
epo 306, test, loss=1.1579 acc=0.6905, acc@5=0.8905
best epoch 296, best test acc=69.400
epoch:306,lr:0.0130,training_loss:2.74420,training_acc:0.69088,test_loss:1.15793,test_acc:0.69050
epo 307, test, loss=1.2175 acc=0.6727, acc@5=0.8867
best epoch 296, best test acc=69.400
epoch:307,lr:0.0128,training_loss:2.73522,training_acc:0.69542,test_loss:1.21752,test_acc:0.67267
epo 308, test, loss=1.1452 acc=0.6870, acc@5=0.8980
best epoch 296, best test acc=69.400
epoch:308,lr:0.0125,training_loss:2.73640,training_acc:0.69385,test_loss:1.14525,test_acc:0.68700
epo 309, test, loss=1.1941 acc=0.6777, acc@5=0.8838
best epoch 296, best test acc=69.400
epoch:309,lr:0.0122,training_loss:2.72095,training_acc:0.69543,test_loss:1.19409,test_acc:0.67767
epo 310, test, loss=1.1228 acc=0.6863, acc@5=0.8997
best epoch 296, best test acc=69.400
epoch:310,lr:0.0120,training_loss:2.72756,training_acc:0.69784,test_loss:1.12281,test_acc:0.68633
epo 311, test, loss=1.1125 acc=0.6953, acc@5=0.8980
********A better model is found!!**********
Saving model to :./checkpoint/mini_imagenet/teen/ft_cos-avg_cos-data_init-start_0/1224-06-32-17-066-Epo_400-Bs_128-sgd-Lr_0.1-decay0.0005-Mom_0.9-Max_400-NormF-T_16.00-tw_16-0.5-soft_proto/session0_max_acc.pth
best epoch 311, best test acc=69.533
epoch:311,lr:0.0117,training_loss:2.72198,training_acc:0.70063,test_loss:1.11253,test_acc:0.69533
epo 312, test, loss=1.1409 acc=0.6917, acc@5=0.9005
best epoch 311, best test acc=69.533
epoch:312,lr:0.0115,training_loss:2.71530,training_acc:0.70618,test_loss:1.14093,test_acc:0.69167
epo 313, test, loss=1.1433 acc=0.6897, acc@5=0.8907
best epoch 311, best test acc=69.533
epoch:313,lr:0.0112,training_loss:2.71144,training_acc:0.70752,test_loss:1.14327,test_acc:0.68967
epo 314, test, loss=1.1385 acc=0.6902, acc@5=0.8918
best epoch 311, best test acc=69.533
epoch:314,lr:0.0110,training_loss:2.70709,training_acc:0.70762,test_loss:1.13847,test_acc:0.69017
epo 315, test, loss=1.1627 acc=0.6813, acc@5=0.8942
best epoch 311, best test acc=69.533
epoch:315,lr:0.0107,training_loss:2.70608,training_acc:0.70921,test_loss:1.16272,test_acc:0.68133
epo 316, test, loss=1.1013 acc=0.7065, acc@5=0.8985
********A better model is found!!**********
Saving model to :./checkpoint/mini_imagenet/teen/ft_cos-avg_cos-data_init-start_0/1224-06-32-17-066-Epo_400-Bs_128-sgd-Lr_0.1-decay0.0005-Mom_0.9-Max_400-NormF-T_16.00-tw_16-0.5-soft_proto/session0_max_acc.pth
best epoch 316, best test acc=70.650
epoch:316,lr:0.0105,training_loss:2.70157,training_acc:0.71151,test_loss:1.10127,test_acc:0.70650
epo 317, test, loss=1.1576 acc=0.6880, acc@5=0.8905
best epoch 316, best test acc=70.650
epoch:317,lr:0.0103,training_loss:2.69709,training_acc:0.71258,test_loss:1.15757,test_acc:0.68800
epo 318, test, loss=1.1336 acc=0.6960, acc@5=0.8930
best epoch 316, best test acc=70.650
epoch:318,lr:0.0100,training_loss:2.69624,training_acc:0.71596,test_loss:1.13361,test_acc:0.69600
epo 319, test, loss=1.1045 acc=0.7005, acc@5=0.9013
best epoch 316, best test acc=70.650
epoch:319,lr:0.0098,training_loss:2.69627,training_acc:0.71740,test_loss:1.10451,test_acc:0.70050
epo 320, test, loss=1.0738 acc=0.7135, acc@5=0.9040
********A better model is found!!**********
Saving model to :./checkpoint/mini_imagenet/teen/ft_cos-avg_cos-data_init-start_0/1224-06-32-17-066-Epo_400-Bs_128-sgd-Lr_0.1-decay0.0005-Mom_0.9-Max_400-NormF-T_16.00-tw_16-0.5-soft_proto/session0_max_acc.pth
best epoch 320, best test acc=71.350
epoch:320,lr:0.0095,training_loss:2.67766,training_acc:0.72394,test_loss:1.07376,test_acc:0.71350
epo 321, test, loss=1.1311 acc=0.6927, acc@5=0.8953
best epoch 320, best test acc=71.350
epoch:321,lr:0.0093,training_loss:2.68970,training_acc:0.72195,test_loss:1.13111,test_acc:0.69267
epo 322, test, loss=1.1703 acc=0.6887, acc@5=0.8923
best epoch 320, best test acc=71.350
epoch:322,lr:0.0091,training_loss:2.68256,training_acc:0.72637,test_loss:1.17032,test_acc:0.68867
epo 323, test, loss=1.1059 acc=0.6993, acc@5=0.9023
best epoch 320, best test acc=71.350
epoch:323,lr:0.0089,training_loss:2.67274,training_acc:0.72832,test_loss:1.10592,test_acc:0.69933
epo 324, test, loss=1.1732 acc=0.6870, acc@5=0.8915
best epoch 320, best test acc=71.350
epoch:324,lr:0.0086,training_loss:2.66896,training_acc:0.72926,test_loss:1.17318,test_acc:0.68700
epo 325, test, loss=1.0741 acc=0.7107, acc@5=0.9060
best epoch 320, best test acc=71.350
epoch:325,lr:0.0084,training_loss:2.66739,training_acc:0.73217,test_loss:1.07407,test_acc:0.71067
epo 326, test, loss=1.1393 acc=0.6920, acc@5=0.8990
best epoch 320, best test acc=71.350
epoch:326,lr:0.0082,training_loss:2.67044,training_acc:0.72817,test_loss:1.13931,test_acc:0.69200
epo 327, test, loss=1.0942 acc=0.7025, acc@5=0.9063
best epoch 320, best test acc=71.350
epoch:327,lr:0.0080,training_loss:2.65802,training_acc:0.73387,test_loss:1.09424,test_acc:0.70250
epo 328, test, loss=1.0961 acc=0.7083, acc@5=0.9007
best epoch 320, best test acc=71.350
epoch:328,lr:0.0078,training_loss:2.65312,training_acc:0.73897,test_loss:1.09608,test_acc:0.70833
epo 329, test, loss=1.0905 acc=0.7087, acc@5=0.9055
best epoch 320, best test acc=71.350
epoch:329,lr:0.0076,training_loss:2.65548,training_acc:0.73886,test_loss:1.09049,test_acc:0.70867
epo 330, test, loss=1.1020 acc=0.7062, acc@5=0.8998
best epoch 320, best test acc=71.350
epoch:330,lr:0.0074,training_loss:2.64457,training_acc:0.74631,test_loss:1.10202,test_acc:0.70617
epo 331, test, loss=1.0747 acc=0.7112, acc@5=0.9042
best epoch 320, best test acc=71.350
epoch:331,lr:0.0072,training_loss:2.63741,training_acc:0.74694,test_loss:1.07471,test_acc:0.71117
epo 332, test, loss=1.0697 acc=0.7122, acc@5=0.9065
best epoch 320, best test acc=71.350
epoch:332,lr:0.0070,training_loss:2.62973,training_acc:0.75034,test_loss:1.06969,test_acc:0.71217
epo 333, test, loss=1.1185 acc=0.7050, acc@5=0.8987
best epoch 320, best test acc=71.350
epoch:333,lr:0.0068,training_loss:2.62390,training_acc:0.75196,test_loss:1.11846,test_acc:0.70500
epo 334, test, loss=1.0735 acc=0.7100, acc@5=0.9038
best epoch 320, best test acc=71.350
epoch:334,lr:0.0066,training_loss:2.62791,training_acc:0.75503,test_loss:1.07346,test_acc:0.71000
epo 335, test, loss=1.0568 acc=0.7202, acc@5=0.9070
********A better model is found!!**********
Saving model to :./checkpoint/mini_imagenet/teen/ft_cos-avg_cos-data_init-start_0/1224-06-32-17-066-Epo_400-Bs_128-sgd-Lr_0.1-decay0.0005-Mom_0.9-Max_400-NormF-T_16.00-tw_16-0.5-soft_proto/session0_max_acc.pth
best epoch 335, best test acc=72.017
epoch:335,lr:0.0064,training_loss:2.63215,training_acc:0.75555,test_loss:1.05683,test_acc:0.72017
epo 336, test, loss=1.0569 acc=0.7113, acc@5=0.9035
best epoch 335, best test acc=72.017
epoch:336,lr:0.0062,training_loss:2.62582,training_acc:0.75502,test_loss:1.05692,test_acc:0.71133
epo 337, test, loss=1.0825 acc=0.7120, acc@5=0.9030
best epoch 335, best test acc=72.017
epoch:337,lr:0.0060,training_loss:2.61631,training_acc:0.75936,test_loss:1.08253,test_acc:0.71200
epo 338, test, loss=1.0727 acc=0.7135, acc@5=0.9038
best epoch 335, best test acc=72.017
epoch:338,lr:0.0058,training_loss:2.61039,training_acc:0.76334,test_loss:1.07267,test_acc:0.71350
epo 339, test, loss=1.0768 acc=0.7195, acc@5=0.8975
best epoch 335, best test acc=72.017
epoch:339,lr:0.0056,training_loss:2.61066,training_acc:0.76566,test_loss:1.07682,test_acc:0.71950
epo 340, test, loss=1.0548 acc=0.7118, acc@5=0.9067
best epoch 335, best test acc=72.017
epoch:340,lr:0.0054,training_loss:2.60874,training_acc:0.76815,test_loss:1.05481,test_acc:0.71183
epo 341, test, loss=1.0495 acc=0.7198, acc@5=0.9032
best epoch 335, best test acc=72.017
epoch:341,lr:0.0053,training_loss:2.60490,training_acc:0.76669,test_loss:1.04949,test_acc:0.71983
epo 342, test, loss=1.0569 acc=0.7160, acc@5=0.9045
best epoch 335, best test acc=72.017
epoch:342,lr:0.0051,training_loss:2.58923,training_acc:0.77588,test_loss:1.05692,test_acc:0.71600
epo 343, test, loss=1.0863 acc=0.7155, acc@5=0.9005
best epoch 335, best test acc=72.017
epoch:343,lr:0.0049,training_loss:2.59304,training_acc:0.77373,test_loss:1.08629,test_acc:0.71550
epo 344, test, loss=1.0440 acc=0.7300, acc@5=0.9058
********A better model is found!!**********
Saving model to :./checkpoint/mini_imagenet/teen/ft_cos-avg_cos-data_init-start_0/1224-06-32-17-066-Epo_400-Bs_128-sgd-Lr_0.1-decay0.0005-Mom_0.9-Max_400-NormF-T_16.00-tw_16-0.5-soft_proto/session0_max_acc.pth
best epoch 344, best test acc=73.000
epoch:344,lr:0.0048,training_loss:2.59300,training_acc:0.77633,test_loss:1.04397,test_acc:0.73000
epo 345, test, loss=1.0358 acc=0.7240, acc@5=0.9053
best epoch 344, best test acc=73.000
epoch:345,lr:0.0046,training_loss:2.58299,training_acc:0.77991,test_loss:1.03583,test_acc:0.72400
epo 346, test, loss=1.0400 acc=0.7278, acc@5=0.9008
best epoch 344, best test acc=73.000
epoch:346,lr:0.0044,training_loss:2.57664,training_acc:0.78444,test_loss:1.04000,test_acc:0.72783
epo 347, test, loss=1.0583 acc=0.7195, acc@5=0.9053
best epoch 344, best test acc=73.000
epoch:347,lr:0.0043,training_loss:2.58059,training_acc:0.78374,test_loss:1.05829,test_acc:0.71950
epo 348, test, loss=1.0163 acc=0.7308, acc@5=0.9100
********A better model is found!!**********
Saving model to :./checkpoint/mini_imagenet/teen/ft_cos-avg_cos-data_init-start_0/1224-06-32-17-066-Epo_400-Bs_128-sgd-Lr_0.1-decay0.0005-Mom_0.9-Max_400-NormF-T_16.00-tw_16-0.5-soft_proto/session0_max_acc.pth
best epoch 348, best test acc=73.083
epoch:348,lr:0.0041,training_loss:2.57185,training_acc:0.78374,test_loss:1.01627,test_acc:0.73083
epo 349, test, loss=1.0275 acc=0.7300, acc@5=0.9073
best epoch 348, best test acc=73.083
epoch:349,lr:0.0040,training_loss:2.56427,training_acc:0.79027,test_loss:1.02750,test_acc:0.73000
epo 350, test, loss=1.0391 acc=0.7285, acc@5=0.9050
best epoch 348, best test acc=73.083
epoch:350,lr:0.0038,training_loss:2.57027,training_acc:0.78924,test_loss:1.03907,test_acc:0.72850
epo 351, test, loss=1.0321 acc=0.7318, acc@5=0.9075
********A better model is found!!**********
Saving model to :./checkpoint/mini_imagenet/teen/ft_cos-avg_cos-data_init-start_0/1224-06-32-17-066-Epo_400-Bs_128-sgd-Lr_0.1-decay0.0005-Mom_0.9-Max_400-NormF-T_16.00-tw_16-0.5-soft_proto/session0_max_acc.pth
best epoch 351, best test acc=73.183
epoch:351,lr:0.0037,training_loss:2.55998,training_acc:0.79400,test_loss:1.03213,test_acc:0.73183
epo 352, test, loss=1.0390 acc=0.7297, acc@5=0.9082
best epoch 351, best test acc=73.183
epoch:352,lr:0.0035,training_loss:2.55450,training_acc:0.79450,test_loss:1.03897,test_acc:0.72967
epo 353, test, loss=1.0180 acc=0.7277, acc@5=0.9092
best epoch 351, best test acc=73.183
epoch:353,lr:0.0034,training_loss:2.54551,training_acc:0.80060,test_loss:1.01805,test_acc:0.72767
epo 354, test, loss=1.0207 acc=0.7300, acc@5=0.9095
best epoch 351, best test acc=73.183
epoch:354,lr:0.0032,training_loss:2.54858,training_acc:0.80094,test_loss:1.02072,test_acc:0.73000
epo 355, test, loss=1.0155 acc=0.7333, acc@5=0.9093
********A better model is found!!**********
Saving model to :./checkpoint/mini_imagenet/teen/ft_cos-avg_cos-data_init-start_0/1224-06-32-17-066-Epo_400-Bs_128-sgd-Lr_0.1-decay0.0005-Mom_0.9-Max_400-NormF-T_16.00-tw_16-0.5-soft_proto/session0_max_acc.pth
best epoch 355, best test acc=73.333
epoch:355,lr:0.0031,training_loss:2.54632,training_acc:0.80123,test_loss:1.01549,test_acc:0.73333
epo 356, test, loss=1.0369 acc=0.7288, acc@5=0.9075
best epoch 355, best test acc=73.333
epoch:356,lr:0.0030,training_loss:2.53223,training_acc:0.80857,test_loss:1.03694,test_acc:0.72883
epo 357, test, loss=1.0151 acc=0.7368, acc@5=0.9087
********A better model is found!!**********
Saving model to :./checkpoint/mini_imagenet/teen/ft_cos-avg_cos-data_init-start_0/1224-06-32-17-066-Epo_400-Bs_128-sgd-Lr_0.1-decay0.0005-Mom_0.9-Max_400-NormF-T_16.00-tw_16-0.5-soft_proto/session0_max_acc.pth
best epoch 357, best test acc=73.683
epoch:357,lr:0.0028,training_loss:2.53842,training_acc:0.80858,test_loss:1.01515,test_acc:0.73683
epo 358, test, loss=0.9988 acc=0.7408, acc@5=0.9093
********A better model is found!!**********
Saving model to :./checkpoint/mini_imagenet/teen/ft_cos-avg_cos-data_init-start_0/1224-06-32-17-066-Epo_400-Bs_128-sgd-Lr_0.1-decay0.0005-Mom_0.9-Max_400-NormF-T_16.00-tw_16-0.5-soft_proto/session0_max_acc.pth
best epoch 358, best test acc=74.083
epoch:358,lr:0.0027,training_loss:2.53783,training_acc:0.80862,test_loss:0.99885,test_acc:0.74083
epo 359, test, loss=0.9871 acc=0.7443, acc@5=0.9145
********A better model is found!!**********
Saving model to :./checkpoint/mini_imagenet/teen/ft_cos-avg_cos-data_init-start_0/1224-06-32-17-066-Epo_400-Bs_128-sgd-Lr_0.1-decay0.0005-Mom_0.9-Max_400-NormF-T_16.00-tw_16-0.5-soft_proto/session0_max_acc.pth
best epoch 359, best test acc=74.433
epoch:359,lr:0.0026,training_loss:2.52643,training_acc:0.81324,test_loss:0.98710,test_acc:0.74433
epo 360, test, loss=0.9986 acc=0.7410, acc@5=0.9093
best epoch 359, best test acc=74.433
epoch:360,lr:0.0024,training_loss:2.52443,training_acc:0.81547,test_loss:0.99862,test_acc:0.74100
epo 361, test, loss=0.9880 acc=0.7457, acc@5=0.9138
********A better model is found!!**********
Saving model to :./checkpoint/mini_imagenet/teen/ft_cos-avg_cos-data_init-start_0/1224-06-32-17-066-Epo_400-Bs_128-sgd-Lr_0.1-decay0.0005-Mom_0.9-Max_400-NormF-T_16.00-tw_16-0.5-soft_proto/session0_max_acc.pth
best epoch 361, best test acc=74.567
epoch:361,lr:0.0023,training_loss:2.51732,training_acc:0.81509,test_loss:0.98797,test_acc:0.74567
epo 362, test, loss=1.0140 acc=0.7388, acc@5=0.9117
best epoch 361, best test acc=74.567
epoch:362,lr:0.0022,training_loss:2.51747,training_acc:0.81973,test_loss:1.01402,test_acc:0.73883
epo 363, test, loss=1.0012 acc=0.7442, acc@5=0.9115
best epoch 361, best test acc=74.567
epoch:363,lr:0.0021,training_loss:2.51494,training_acc:0.81845,test_loss:1.00119,test_acc:0.74417
epo 364, test, loss=1.0155 acc=0.7372, acc@5=0.9125
best epoch 361, best test acc=74.567
epoch:364,lr:0.0020,training_loss:2.51096,training_acc:0.81966,test_loss:1.01553,test_acc:0.73717
epo 365, test, loss=1.0001 acc=0.7425, acc@5=0.9105
best epoch 361, best test acc=74.567
epoch:365,lr:0.0019,training_loss:2.50374,training_acc:0.82583,test_loss:1.00012,test_acc:0.74250
epo 366, test, loss=1.0192 acc=0.7412, acc@5=0.9097
best epoch 361, best test acc=74.567
epoch:366,lr:0.0018,training_loss:2.50640,training_acc:0.82783,test_loss:1.01923,test_acc:0.74117
epo 367, test, loss=1.0122 acc=0.7397, acc@5=0.9108
best epoch 361, best test acc=74.567
epoch:367,lr:0.0017,training_loss:2.49185,training_acc:0.83205,test_loss:1.01216,test_acc:0.73967
epo 368, test, loss=1.0022 acc=0.7417, acc@5=0.9120
best epoch 361, best test acc=74.567
epoch:368,lr:0.0016,training_loss:2.49455,training_acc:0.83149,test_loss:1.00225,test_acc:0.74167
epo 369, test, loss=0.9921 acc=0.7423, acc@5=0.9103
best epoch 361, best test acc=74.567
epoch:369,lr:0.0015,training_loss:2.48833,training_acc:0.83398,test_loss:0.99207,test_acc:0.74233
epo 370, test, loss=0.9934 acc=0.7410, acc@5=0.9098
best epoch 361, best test acc=74.567
epoch:370,lr:0.0014,training_loss:2.48771,training_acc:0.83370,test_loss:0.99338,test_acc:0.74100
epo 371, test, loss=0.9937 acc=0.7447, acc@5=0.9123
best epoch 361, best test acc=74.567
epoch:371,lr:0.0013,training_loss:2.48216,training_acc:0.83627,test_loss:0.99373,test_acc:0.74467
epo 372, test, loss=0.9861 acc=0.7470, acc@5=0.9108
********A better model is found!!**********
Saving model to :./checkpoint/mini_imagenet/teen/ft_cos-avg_cos-data_init-start_0/1224-06-32-17-066-Epo_400-Bs_128-sgd-Lr_0.1-decay0.0005-Mom_0.9-Max_400-NormF-T_16.00-tw_16-0.5-soft_proto/session0_max_acc.pth
best epoch 372, best test acc=74.700
epoch:372,lr:0.0012,training_loss:2.47707,training_acc:0.83963,test_loss:0.98610,test_acc:0.74700
epo 373, test, loss=0.9897 acc=0.7480, acc@5=0.9147
********A better model is found!!**********
Saving model to :./checkpoint/mini_imagenet/teen/ft_cos-avg_cos-data_init-start_0/1224-06-32-17-066-Epo_400-Bs_128-sgd-Lr_0.1-decay0.0005-Mom_0.9-Max_400-NormF-T_16.00-tw_16-0.5-soft_proto/session0_max_acc.pth
best epoch 373, best test acc=74.800
epoch:373,lr:0.0011,training_loss:2.47755,training_acc:0.83961,test_loss:0.98974,test_acc:0.74800
epo 374, test, loss=0.9925 acc=0.7452, acc@5=0.9132
best epoch 373, best test acc=74.800
epoch:374,lr:0.0010,training_loss:2.48118,training_acc:0.83920,test_loss:0.99254,test_acc:0.74517
epo 375, test, loss=0.9855 acc=0.7462, acc@5=0.9135
best epoch 373, best test acc=74.800
epoch:375,lr:0.0010,training_loss:2.47282,training_acc:0.84088,test_loss:0.98547,test_acc:0.74617
epo 376, test, loss=0.9810 acc=0.7455, acc@5=0.9132
best epoch 373, best test acc=74.800
epoch:376,lr:0.0009,training_loss:2.47249,training_acc:0.84394,test_loss:0.98104,test_acc:0.74550
epo 377, test, loss=0.9777 acc=0.7468, acc@5=0.9142
best epoch 373, best test acc=74.800
epoch:377,lr:0.0008,training_loss:2.47424,training_acc:0.84276,test_loss:0.97771,test_acc:0.74683
epo 378, test, loss=0.9749 acc=0.7478, acc@5=0.9133
best epoch 373, best test acc=74.800
epoch:378,lr:0.0007,training_loss:2.46681,training_acc:0.84582,test_loss:0.97489,test_acc:0.74783
epo 379, test, loss=0.9786 acc=0.7513, acc@5=0.9118
********A better model is found!!**********
Saving model to :./checkpoint/mini_imagenet/teen/ft_cos-avg_cos-data_init-start_0/1224-06-32-17-066-Epo_400-Bs_128-sgd-Lr_0.1-decay0.0005-Mom_0.9-Max_400-NormF-T_16.00-tw_16-0.5-soft_proto/session0_max_acc.pth
best epoch 379, best test acc=75.133
epoch:379,lr:0.0007,training_loss:2.46474,training_acc:0.84654,test_loss:0.97857,test_acc:0.75133
epo 380, test, loss=0.9815 acc=0.7483, acc@5=0.9125
best epoch 379, best test acc=75.133
epoch:380,lr:0.0006,training_loss:2.46230,training_acc:0.84942,test_loss:0.98149,test_acc:0.74833
epo 381, test, loss=0.9846 acc=0.7498, acc@5=0.9143
best epoch 379, best test acc=75.133
epoch:381,lr:0.0006,training_loss:2.46251,training_acc:0.84813,test_loss:0.98455,test_acc:0.74983
epo 382, test, loss=0.9774 acc=0.7523, acc@5=0.9128
********A better model is found!!**********
Saving model to :./checkpoint/mini_imagenet/teen/ft_cos-avg_cos-data_init-start_0/1224-06-32-17-066-Epo_400-Bs_128-sgd-Lr_0.1-decay0.0005-Mom_0.9-Max_400-NormF-T_16.00-tw_16-0.5-soft_proto/session0_max_acc.pth
best epoch 382, best test acc=75.233
epoch:382,lr:0.0005,training_loss:2.45768,training_acc:0.85045,test_loss:0.97737,test_acc:0.75233
epo 383, test, loss=0.9789 acc=0.7527, acc@5=0.9140
********A better model is found!!**********
Saving model to :./checkpoint/mini_imagenet/teen/ft_cos-avg_cos-data_init-start_0/1224-06-32-17-066-Epo_400-Bs_128-sgd-Lr_0.1-decay0.0005-Mom_0.9-Max_400-NormF-T_16.00-tw_16-0.5-soft_proto/session0_max_acc.pth
best epoch 383, best test acc=75.267
epoch:383,lr:0.0004,training_loss:2.45089,training_acc:0.85679,test_loss:0.97888,test_acc:0.75267
epo 384, test, loss=0.9758 acc=0.7520, acc@5=0.9137
best epoch 383, best test acc=75.267
epoch:384,lr:0.0004,training_loss:2.45822,training_acc:0.85062,test_loss:0.97581,test_acc:0.75200
epo 385, test, loss=0.9827 acc=0.7522, acc@5=0.9118
best epoch 383, best test acc=75.267
epoch:385,lr:0.0003,training_loss:2.45117,training_acc:0.85519,test_loss:0.98270,test_acc:0.75217
epo 386, test, loss=0.9748 acc=0.7592, acc@5=0.9143
********A better model is found!!**********
Saving model to :./checkpoint/mini_imagenet/teen/ft_cos-avg_cos-data_init-start_0/1224-06-32-17-066-Epo_400-Bs_128-sgd-Lr_0.1-decay0.0005-Mom_0.9-Max_400-NormF-T_16.00-tw_16-0.5-soft_proto/session0_max_acc.pth
best epoch 386, best test acc=75.917
epoch:386,lr:0.0003,training_loss:2.45597,training_acc:0.85314,test_loss:0.97476,test_acc:0.75917
epo 387, test, loss=0.9782 acc=0.7538, acc@5=0.9133
best epoch 386, best test acc=75.917
epoch:387,lr:0.0003,training_loss:2.45762,training_acc:0.85309,test_loss:0.97820,test_acc:0.75383
epo 388, test, loss=0.9724 acc=0.7543, acc@5=0.9148
best epoch 386, best test acc=75.917
epoch:388,lr:0.0002,training_loss:2.45798,training_acc:0.85239,test_loss:0.97244,test_acc:0.75433
epo 389, test, loss=0.9761 acc=0.7500, acc@5=0.9147
best epoch 386, best test acc=75.917
epoch:389,lr:0.0002,training_loss:2.44839,training_acc:0.85776,test_loss:0.97607,test_acc:0.75000
epo 390, test, loss=0.9690 acc=0.7533, acc@5=0.9128
best epoch 386, best test acc=75.917
epoch:390,lr:0.0002,training_loss:2.45902,training_acc:0.85347,test_loss:0.96897,test_acc:0.75333
epo 391, test, loss=0.9736 acc=0.7532, acc@5=0.9120
best epoch 386, best test acc=75.917
epoch:391,lr:0.0001,training_loss:2.44980,training_acc:0.85849,test_loss:0.97358,test_acc:0.75317
epo 392, test, loss=0.9727 acc=0.7532, acc@5=0.9117
best epoch 386, best test acc=75.917
epoch:392,lr:0.0001,training_loss:2.45693,training_acc:0.85574,test_loss:0.97273,test_acc:0.75317
epo 393, test, loss=0.9765 acc=0.7530, acc@5=0.9118
best epoch 386, best test acc=75.917
epoch:393,lr:0.0001,training_loss:2.45238,training_acc:0.85732,test_loss:0.97648,test_acc:0.75300
epo 394, test, loss=0.9687 acc=0.7528, acc@5=0.9130
best epoch 386, best test acc=75.917
epoch:394,lr:0.0001,training_loss:2.45380,training_acc:0.85685,test_loss:0.96872,test_acc:0.75283
epo 395, test, loss=0.9729 acc=0.7543, acc@5=0.9138
best epoch 386, best test acc=75.917
epoch:395,lr:0.0000,training_loss:2.45651,training_acc:0.85682,test_loss:0.97288,test_acc:0.75433
epo 396, test, loss=0.9760 acc=0.7542, acc@5=0.9123
best epoch 386, best test acc=75.917
epoch:396,lr:0.0000,training_loss:2.45140,training_acc:0.85664,test_loss:0.97602,test_acc:0.75417
epo 397, test, loss=0.9657 acc=0.7537, acc@5=0.9132
best epoch 386, best test acc=75.917
epoch:397,lr:0.0000,training_loss:2.45456,training_acc:0.85635,test_loss:0.96570,test_acc:0.75367
epo 398, test, loss=0.9732 acc=0.7532, acc@5=0.9120
best epoch 386, best test acc=75.917
epoch:398,lr:0.0000,training_loss:2.44995,training_acc:0.85934,test_loss:0.97319,test_acc:0.75317
epo 399, test, loss=0.9720 acc=0.7527, acc@5=0.9120
best epoch 386, best test acc=75.917
epoch:399,lr:0.0000,training_loss:2.44853,training_acc:0.85665,test_loss:0.97204,test_acc:0.75267
>>> Finish Base Train <<<
Replace the fc with average embedding, and save it to :./checkpoint/mini_imagenet/teen/ft_cos-avg_cos-data_init-start_0/1224-06-32-17-066-Epo_400-Bs_128-sgd-Lr_0.1-decay0.0005-Mom_0.9-Max_400-NormF-T_16.00-tw_16-0.5-soft_proto/session0_max_acc.pth
epo 0, test, loss=0.9931 acc=0.7563, acc@5=0.9108
training session: [1]
epo 0, test, loss=1.1870 acc=0.7022, acc@5=0.8823
Session 1 ==> Seen Acc:74.633 Unseen Acc:17.2 Avg Acc:70.215
training session: [2]
epo 0, test, loss=1.3569 acc=0.6590, acc@5=0.8599
Session 2 ==> Seen Acc:73.883 Unseen Acc:18.0 Avg Acc:65.9
training session: [3]
epo 0, test, loss=1.5113 acc=0.6243, acc@5=0.8340
Session 3 ==> Seen Acc:73.117 Unseen Acc:19.667 Avg Acc:62.427
training session: [4]
epo 0, test, loss=1.6424 acc=0.5931, acc@5=0.8155
Session 4 ==> Seen Acc:72.317 Unseen Acc:20.3 Avg Acc:59.312
training session: [5]
epo 0, test, loss=1.7891 acc=0.5599, acc@5=0.7889
Session 5 ==> Seen Acc:71.633 Unseen Acc:18.44 Avg Acc:55.988
training session: [6]
epo 0, test, loss=1.9123 acc=0.5326, acc@5=0.7646
Session 6 ==> Seen Acc:71.317 Unseen Acc:17.133 Avg Acc:53.256
training session: [7]
epo 0, test, loss=1.9784 acc=0.5147, acc@5=0.7539
Session 7 ==> Seen Acc:70.583 Unseen Acc:18.714 Avg Acc:51.474
training session: [8]
epo 0, test, loss=2.0904 acc=0.4954, acc@5=0.7362
Session 8 ==> Seen Acc:70.133 Unseen Acc:18.65 Avg Acc:49.54
max_acc: [75.917, 70.215, 65.9, 62.427, 59.312, 55.988, 53.256, 51.474, 49.54]
Unseen acc: [17.2, 18.0, 19.667, 20.3, 18.44, 17.133, 18.714, 18.65]
Seen acc: [74.633, 73.883, 73.117, 72.317, 71.633, 71.317, 70.583, 70.133]
Harmonic mean: [27.957, 28.948, 30.997, 31.701, 29.33, 27.629, 29.584, 29.465]
