Log level set to: INFO
save_path: ./checkpoint/cub200/teen/ft_cos-avg_cos-data_init-start_0/1224-16-06-47-682-Epo_90-Bs_128-sgd-Lr_0.004-decay0.0005-Mom_0.9-MS_30_50_70-Gam_0.25-NormF-T_16.00-tw_16.0-0.5-soft_proto
random init params
new classes for this session:[ 0  1  2  3  4  5  6  7  8  9 10 11 12 13 14 15 16 17 18 19 20 21 22 23
 24 25 26 27 28 29 30 31 32 33 34 35 36 37 38 39 40 41 42 43 44 45 46 47
 48 49 50 51 52 53 54 55 56 57 58 59 60 61 62 63 64 65 66 67 68 69 70 71
 72 73 74 75 76 77 78 79 80 81 82 83 84 85 86 87 88 89 90 91 92 93 94 95
 96 97 98 99]
epo 0, test, loss=4.0155 acc=0.1541, acc@5=0.3947
********A better model is found!!**********
Saving model to :./checkpoint/cub200/teen/ft_cos-avg_cos-data_init-start_0/1224-16-06-47-682-Epo_90-Bs_128-sgd-Lr_0.004-decay0.0005-Mom_0.9-MS_30_50_70-Gam_0.25-NormF-T_16.00-tw_16.0-0.5-soft_proto/session0_max_acc.pth
best epoch 0, best test acc=15.405
epoch:000,lr:0.0040,training_loss:4.70138,training_acc:0.03785,test_loss:4.01552,test_acc:0.15405
epo 1, test, loss=3.1026 acc=0.4366, acc@5=0.7621
********A better model is found!!**********
Saving model to :./checkpoint/cub200/teen/ft_cos-avg_cos-data_init-start_0/1224-16-06-47-682-Epo_90-Bs_128-sgd-Lr_0.004-decay0.0005-Mom_0.9-MS_30_50_70-Gam_0.25-NormF-T_16.00-tw_16.0-0.5-soft_proto/session0_max_acc.pth
best epoch 1, best test acc=43.662
epoch:001,lr:0.0040,training_loss:4.28046,training_acc:0.24344,test_loss:3.10255,test_acc:0.43662
epo 2, test, loss=2.3965 acc=0.5840, acc@5=0.8762
********A better model is found!!**********
Saving model to :./checkpoint/cub200/teen/ft_cos-avg_cos-data_init-start_0/1224-16-06-47-682-Epo_90-Bs_128-sgd-Lr_0.004-decay0.0005-Mom_0.9-MS_30_50_70-Gam_0.25-NormF-T_16.00-tw_16.0-0.5-soft_proto/session0_max_acc.pth
best epoch 2, best test acc=58.397
epoch:002,lr:0.0040,training_loss:3.90749,training_acc:0.44913,test_loss:2.39651,test_acc:0.58397
epo 3, test, loss=1.9421 acc=0.6552, acc@5=0.9094
********A better model is found!!**********
Saving model to :./checkpoint/cub200/teen/ft_cos-avg_cos-data_init-start_0/1224-16-06-47-682-Epo_90-Bs_128-sgd-Lr_0.004-decay0.0005-Mom_0.9-MS_30_50_70-Gam_0.25-NormF-T_16.00-tw_16.0-0.5-soft_proto/session0_max_acc.pth
best epoch 3, best test acc=65.519
epoch:003,lr:0.0040,training_loss:3.63858,training_acc:0.53590,test_loss:1.94215,test_acc:0.65519
epo 4, test, loss=1.6892 acc=0.6860, acc@5=0.9236
********A better model is found!!**********
Saving model to :./checkpoint/cub200/teen/ft_cos-avg_cos-data_init-start_0/1224-16-06-47-682-Epo_90-Bs_128-sgd-Lr_0.004-decay0.0005-Mom_0.9-MS_30_50_70-Gam_0.25-NormF-T_16.00-tw_16.0-0.5-soft_proto/session0_max_acc.pth
best epoch 4, best test acc=68.603
epoch:004,lr:0.0040,training_loss:3.44628,training_acc:0.61705,test_loss:1.68919,test_acc:0.68603
epo 5, test, loss=1.4977 acc=0.7086, acc@5=0.9353
********A better model is found!!**********
Saving model to :./checkpoint/cub200/teen/ft_cos-avg_cos-data_init-start_0/1224-16-06-47-682-Epo_90-Bs_128-sgd-Lr_0.004-decay0.0005-Mom_0.9-MS_30_50_70-Gam_0.25-NormF-T_16.00-tw_16.0-0.5-soft_proto/session0_max_acc.pth
best epoch 5, best test acc=70.864
epoch:005,lr:0.0040,training_loss:3.32587,training_acc:0.66485,test_loss:1.49771,test_acc:0.70864
epo 6, test, loss=1.3697 acc=0.7274, acc@5=0.9391
********A better model is found!!**********
Saving model to :./checkpoint/cub200/teen/ft_cos-avg_cos-data_init-start_0/1224-16-06-47-682-Epo_90-Bs_128-sgd-Lr_0.004-decay0.0005-Mom_0.9-MS_30_50_70-Gam_0.25-NormF-T_16.00-tw_16.0-0.5-soft_proto/session0_max_acc.pth
best epoch 6, best test acc=72.741
epoch:006,lr:0.0040,training_loss:3.23917,training_acc:0.69313,test_loss:1.36967,test_acc:0.72741
epo 7, test, loss=1.2737 acc=0.7369, acc@5=0.9467
********A better model is found!!**********
Saving model to :./checkpoint/cub200/teen/ft_cos-avg_cos-data_init-start_0/1224-16-06-47-682-Epo_90-Bs_128-sgd-Lr_0.004-decay0.0005-Mom_0.9-MS_30_50_70-Gam_0.25-NormF-T_16.00-tw_16.0-0.5-soft_proto/session0_max_acc.pth
best epoch 7, best test acc=73.688
epoch:007,lr:0.0040,training_loss:3.18279,training_acc:0.70168,test_loss:1.27371,test_acc:0.73688
epo 8, test, loss=1.2144 acc=0.7416, acc@5=0.9423
********A better model is found!!**********
Saving model to :./checkpoint/cub200/teen/ft_cos-avg_cos-data_init-start_0/1224-16-06-47-682-Epo_90-Bs_128-sgd-Lr_0.004-decay0.0005-Mom_0.9-MS_30_50_70-Gam_0.25-NormF-T_16.00-tw_16.0-0.5-soft_proto/session0_max_acc.pth
best epoch 8, best test acc=74.159
epoch:008,lr:0.0040,training_loss:3.14008,training_acc:0.71136,test_loss:1.21445,test_acc:0.74159
epo 9, test, loss=1.1390 acc=0.7486, acc@5=0.9527
********A better model is found!!**********
Saving model to :./checkpoint/cub200/teen/ft_cos-avg_cos-data_init-start_0/1224-16-06-47-682-Epo_90-Bs_128-sgd-Lr_0.004-decay0.0005-Mom_0.9-MS_30_50_70-Gam_0.25-NormF-T_16.00-tw_16.0-0.5-soft_proto/session0_max_acc.pth
best epoch 9, best test acc=74.864
epoch:009,lr:0.0040,training_loss:3.08236,training_acc:0.74456,test_loss:1.13898,test_acc:0.74864
epo 10, test, loss=1.0815 acc=0.7581, acc@5=0.9541
********A better model is found!!**********
Saving model to :./checkpoint/cub200/teen/ft_cos-avg_cos-data_init-start_0/1224-16-06-47-682-Epo_90-Bs_128-sgd-Lr_0.004-decay0.0005-Mom_0.9-MS_30_50_70-Gam_0.25-NormF-T_16.00-tw_16.0-0.5-soft_proto/session0_max_acc.pth
best epoch 10, best test acc=75.815
epoch:010,lr:0.0040,training_loss:3.05571,training_acc:0.75219,test_loss:1.08153,test_acc:0.75815
epo 11, test, loss=1.0485 acc=0.7621, acc@5=0.9556
********A better model is found!!**********
Saving model to :./checkpoint/cub200/teen/ft_cos-avg_cos-data_init-start_0/1224-16-06-47-682-Epo_90-Bs_128-sgd-Lr_0.004-decay0.0005-Mom_0.9-MS_30_50_70-Gam_0.25-NormF-T_16.00-tw_16.0-0.5-soft_proto/session0_max_acc.pth
best epoch 11, best test acc=76.209
epoch:011,lr:0.0040,training_loss:3.02157,training_acc:0.76088,test_loss:1.04851,test_acc:0.76209
epo 12, test, loss=1.0163 acc=0.7688, acc@5=0.9578
********A better model is found!!**********
Saving model to :./checkpoint/cub200/teen/ft_cos-avg_cos-data_init-start_0/1224-16-06-47-682-Epo_90-Bs_128-sgd-Lr_0.004-decay0.0005-Mom_0.9-MS_30_50_70-Gam_0.25-NormF-T_16.00-tw_16.0-0.5-soft_proto/session0_max_acc.pth
best epoch 12, best test acc=76.879
epoch:012,lr:0.0040,training_loss:2.99307,training_acc:0.77358,test_loss:1.01630,test_acc:0.76879
epo 13, test, loss=0.9968 acc=0.7692, acc@5=0.9598
********A better model is found!!**********
Saving model to :./checkpoint/cub200/teen/ft_cos-avg_cos-data_init-start_0/1224-16-06-47-682-Epo_90-Bs_128-sgd-Lr_0.004-decay0.0005-Mom_0.9-MS_30_50_70-Gam_0.25-NormF-T_16.00-tw_16.0-0.5-soft_proto/session0_max_acc.pth
best epoch 13, best test acc=76.918
epoch:013,lr:0.0040,training_loss:2.97927,training_acc:0.77962,test_loss:0.99684,test_acc:0.76918
epo 14, test, loss=0.9657 acc=0.7762, acc@5=0.9620
********A better model is found!!**********
Saving model to :./checkpoint/cub200/teen/ft_cos-avg_cos-data_init-start_0/1224-16-06-47-682-Epo_90-Bs_128-sgd-Lr_0.004-decay0.0005-Mom_0.9-MS_30_50_70-Gam_0.25-NormF-T_16.00-tw_16.0-0.5-soft_proto/session0_max_acc.pth
best epoch 14, best test acc=77.623
epoch:014,lr:0.0040,training_loss:2.94448,training_acc:0.79520,test_loss:0.96571,test_acc:0.77623
epo 15, test, loss=0.9294 acc=0.7802, acc@5=0.9625
********A better model is found!!**********
Saving model to :./checkpoint/cub200/teen/ft_cos-avg_cos-data_init-start_0/1224-16-06-47-682-Epo_90-Bs_128-sgd-Lr_0.004-decay0.0005-Mom_0.9-MS_30_50_70-Gam_0.25-NormF-T_16.00-tw_16.0-0.5-soft_proto/session0_max_acc.pth
best epoch 15, best test acc=78.022
epoch:015,lr:0.0040,training_loss:2.95218,training_acc:0.78790,test_loss:0.92938,test_acc:0.78022
epo 16, test, loss=0.9262 acc=0.7807, acc@5=0.9587
********A better model is found!!**********
Saving model to :./checkpoint/cub200/teen/ft_cos-avg_cos-data_init-start_0/1224-16-06-47-682-Epo_90-Bs_128-sgd-Lr_0.004-decay0.0005-Mom_0.9-MS_30_50_70-Gam_0.25-NormF-T_16.00-tw_16.0-0.5-soft_proto/session0_max_acc.pth
best epoch 16, best test acc=78.071
epoch:016,lr:0.0040,training_loss:2.92609,training_acc:0.79622,test_loss:0.92619,test_acc:0.78071
epo 17, test, loss=0.9134 acc=0.7809, acc@5=0.9627
********A better model is found!!**********
Saving model to :./checkpoint/cub200/teen/ft_cos-avg_cos-data_init-start_0/1224-16-06-47-682-Epo_90-Bs_128-sgd-Lr_0.004-decay0.0005-Mom_0.9-MS_30_50_70-Gam_0.25-NormF-T_16.00-tw_16.0-0.5-soft_proto/session0_max_acc.pth
best epoch 17, best test acc=78.091
epoch:017,lr:0.0040,training_loss:2.90365,training_acc:0.80776,test_loss:0.91338,test_acc:0.78091
epo 18, test, loss=0.8993 acc=0.7842, acc@5=0.9629
********A better model is found!!**********
Saving model to :./checkpoint/cub200/teen/ft_cos-avg_cos-data_init-start_0/1224-16-06-47-682-Epo_90-Bs_128-sgd-Lr_0.004-decay0.0005-Mom_0.9-MS_30_50_70-Gam_0.25-NormF-T_16.00-tw_16.0-0.5-soft_proto/session0_max_acc.pth
best epoch 18, best test acc=78.420
epoch:018,lr:0.0040,training_loss:2.88836,training_acc:0.80841,test_loss:0.89932,test_acc:0.78420
epo 19, test, loss=0.8779 acc=0.7857, acc@5=0.9623
********A better model is found!!**********
Saving model to :./checkpoint/cub200/teen/ft_cos-avg_cos-data_init-start_0/1224-16-06-47-682-Epo_90-Bs_128-sgd-Lr_0.004-decay0.0005-Mom_0.9-MS_30_50_70-Gam_0.25-NormF-T_16.00-tw_16.0-0.5-soft_proto/session0_max_acc.pth
best epoch 19, best test acc=78.573
epoch:019,lr:0.0040,training_loss:2.86758,training_acc:0.82761,test_loss:0.87794,test_acc:0.78573
epo 20, test, loss=0.8713 acc=0.7853, acc@5=0.9639
best epoch 19, best test acc=78.573
epoch:020,lr:0.0040,training_loss:2.85905,training_acc:0.83380,test_loss:0.87127,test_acc:0.78534
epo 21, test, loss=0.8644 acc=0.7820, acc@5=0.9623
best epoch 19, best test acc=78.573
epoch:021,lr:0.0040,training_loss:2.84441,training_acc:0.83087,test_loss:0.86436,test_acc:0.78205
epo 22, test, loss=0.8618 acc=0.7807, acc@5=0.9636
best epoch 19, best test acc=78.573
epoch:022,lr:0.0040,training_loss:2.84317,training_acc:0.83198,test_loss:0.86184,test_acc:0.78071
epo 23, test, loss=0.8460 acc=0.7856, acc@5=0.9617
best epoch 19, best test acc=78.573
epoch:023,lr:0.0040,training_loss:2.83105,training_acc:0.84691,test_loss:0.84596,test_acc:0.78558
epo 24, test, loss=0.8227 acc=0.7937, acc@5=0.9635
********A better model is found!!**********
Saving model to :./checkpoint/cub200/teen/ft_cos-avg_cos-data_init-start_0/1224-16-06-47-682-Epo_90-Bs_128-sgd-Lr_0.004-decay0.0005-Mom_0.9-MS_30_50_70-Gam_0.25-NormF-T_16.00-tw_16.0-0.5-soft_proto/session0_max_acc.pth
best epoch 24, best test acc=79.366
epoch:024,lr:0.0040,training_loss:2.82938,training_acc:0.84226,test_loss:0.82267,test_acc:0.79366
epo 25, test, loss=0.8292 acc=0.7880, acc@5=0.9653
best epoch 24, best test acc=79.366
epoch:025,lr:0.0040,training_loss:2.79953,training_acc:0.86249,test_loss:0.82918,test_acc:0.78800
epo 26, test, loss=0.8233 acc=0.7873, acc@5=0.9614
best epoch 24, best test acc=79.366
epoch:026,lr:0.0040,training_loss:2.80393,training_acc:0.86040,test_loss:0.82327,test_acc:0.78726
epo 27, test, loss=0.8044 acc=0.7885, acc@5=0.9637
best epoch 24, best test acc=79.366
epoch:027,lr:0.0040,training_loss:2.78411,training_acc:0.86114,test_loss:0.80443,test_acc:0.78849
epo 28, test, loss=0.8083 acc=0.7856, acc@5=0.9639
best epoch 24, best test acc=79.366
epoch:028,lr:0.0040,training_loss:2.77643,training_acc:0.86430,test_loss:0.80827,test_acc:0.78558
epo 29, test, loss=0.7988 acc=0.7881, acc@5=0.9613
best epoch 24, best test acc=79.366
epoch:029,lr:0.0040,training_loss:2.77411,training_acc:0.86570,test_loss:0.79880,test_acc:0.78810
epo 30, test, loss=0.7855 acc=0.8009, acc@5=0.9618
********A better model is found!!**********
Saving model to :./checkpoint/cub200/teen/ft_cos-avg_cos-data_init-start_0/1224-16-06-47-682-Epo_90-Bs_128-sgd-Lr_0.004-decay0.0005-Mom_0.9-MS_30_50_70-Gam_0.25-NormF-T_16.00-tw_16.0-0.5-soft_proto/session0_max_acc.pth
best epoch 30, best test acc=80.091
epoch:030,lr:0.0010,training_loss:2.76336,training_acc:0.87365,test_loss:0.78546,test_acc:0.80091
epo 31, test, loss=0.7728 acc=0.8009, acc@5=0.9641
best epoch 30, best test acc=80.091
epoch:031,lr:0.0010,training_loss:2.74979,training_acc:0.88086,test_loss:0.77283,test_acc:0.80091
epo 32, test, loss=0.7780 acc=0.7935, acc@5=0.9651
best epoch 30, best test acc=80.091
epoch:032,lr:0.0010,training_loss:2.76275,training_acc:0.86458,test_loss:0.77801,test_acc:0.79351
epo 33, test, loss=0.7696 acc=0.7983, acc@5=0.9658
best epoch 30, best test acc=80.091
epoch:033,lr:0.0010,training_loss:2.72589,training_acc:0.88709,test_loss:0.76956,test_acc:0.79834
epo 34, test, loss=0.7710 acc=0.7990, acc@5=0.9675
best epoch 30, best test acc=80.091
epoch:034,lr:0.0010,training_loss:2.73894,training_acc:0.88542,test_loss:0.77096,test_acc:0.79903
epo 35, test, loss=0.7656 acc=0.8039, acc@5=0.9668
********A better model is found!!**********
Saving model to :./checkpoint/cub200/teen/ft_cos-avg_cos-data_init-start_0/1224-16-06-47-682-Epo_90-Bs_128-sgd-Lr_0.004-decay0.0005-Mom_0.9-MS_30_50_70-Gam_0.25-NormF-T_16.00-tw_16.0-0.5-soft_proto/session0_max_acc.pth
best epoch 35, best test acc=80.386
epoch:035,lr:0.0010,training_loss:2.74119,training_acc:0.88072,test_loss:0.76560,test_acc:0.80386
epo 36, test, loss=0.7684 acc=0.8008, acc@5=0.9656
best epoch 35, best test acc=80.386
epoch:036,lr:0.0010,training_loss:2.73864,training_acc:0.87784,test_loss:0.76844,test_acc:0.80075
epo 37, test, loss=0.7652 acc=0.8045, acc@5=0.9660
********A better model is found!!**********
Saving model to :./checkpoint/cub200/teen/ft_cos-avg_cos-data_init-start_0/1224-16-06-47-682-Epo_90-Bs_128-sgd-Lr_0.004-decay0.0005-Mom_0.9-MS_30_50_70-Gam_0.25-NormF-T_16.00-tw_16.0-0.5-soft_proto/session0_max_acc.pth
best epoch 37, best test acc=80.455
epoch:037,lr:0.0010,training_loss:2.75759,training_acc:0.87993,test_loss:0.76521,test_acc:0.80455
epo 38, test, loss=0.7688 acc=0.7964, acc@5=0.9651
best epoch 37, best test acc=80.455
epoch:038,lr:0.0010,training_loss:2.72394,training_acc:0.89007,test_loss:0.76882,test_acc:0.79642
epo 39, test, loss=0.7609 acc=0.8011, acc@5=0.9649
best epoch 37, best test acc=80.455
epoch:039,lr:0.0010,training_loss:2.74106,training_acc:0.87519,test_loss:0.76091,test_acc:0.80110
epo 40, test, loss=0.7597 acc=0.8001, acc@5=0.9660
best epoch 37, best test acc=80.455
epoch:040,lr:0.0010,training_loss:2.74098,training_acc:0.88049,test_loss:0.75967,test_acc:0.80006
epo 41, test, loss=0.7616 acc=0.8032, acc@5=0.9660
best epoch 37, best test acc=80.455
epoch:041,lr:0.0010,training_loss:2.73297,training_acc:0.88700,test_loss:0.76164,test_acc:0.80317
epo 42, test, loss=0.7645 acc=0.8011, acc@5=0.9649
best epoch 37, best test acc=80.455
epoch:042,lr:0.0010,training_loss:2.74257,training_acc:0.87798,test_loss:0.76449,test_acc:0.80110
epo 43, test, loss=0.7601 acc=0.8014, acc@5=0.9678
best epoch 37, best test acc=80.455
epoch:043,lr:0.0010,training_loss:2.73784,training_acc:0.88356,test_loss:0.76007,test_acc:0.80144
epo 44, test, loss=0.7585 acc=0.8018, acc@5=0.9663
best epoch 37, best test acc=80.455
epoch:044,lr:0.0010,training_loss:2.73612,training_acc:0.88435,test_loss:0.75847,test_acc:0.80179
epo 45, test, loss=0.7582 acc=0.8019, acc@5=0.9645
best epoch 37, best test acc=80.455
epoch:045,lr:0.0010,training_loss:2.72678,training_acc:0.88756,test_loss:0.75822,test_acc:0.80194
epo 46, test, loss=0.7572 acc=0.8028, acc@5=0.9673
best epoch 37, best test acc=80.455
epoch:046,lr:0.0010,training_loss:2.72669,training_acc:0.88556,test_loss:0.75723,test_acc:0.80282
epo 47, test, loss=0.7560 acc=0.8006, acc@5=0.9660
best epoch 37, best test acc=80.455
epoch:047,lr:0.0010,training_loss:2.72044,training_acc:0.88221,test_loss:0.75600,test_acc:0.80056
epo 48, test, loss=0.7550 acc=0.8006, acc@5=0.9663
best epoch 37, best test acc=80.455
epoch:048,lr:0.0010,training_loss:2.72812,training_acc:0.89086,test_loss:0.75505,test_acc:0.80056
epo 49, test, loss=0.7565 acc=0.8004, acc@5=0.9651
best epoch 37, best test acc=80.455
epoch:049,lr:0.0010,training_loss:2.73049,training_acc:0.89072,test_loss:0.75647,test_acc:0.80041
epo 50, test, loss=0.7506 acc=0.8040, acc@5=0.9673
best epoch 37, best test acc=80.455
epoch:050,lr:0.0003,training_loss:2.71468,training_acc:0.88704,test_loss:0.75058,test_acc:0.80401
epo 51, test, loss=0.7492 acc=0.8016, acc@5=0.9673
best epoch 37, best test acc=80.455
epoch:051,lr:0.0003,training_loss:2.72249,training_acc:0.88751,test_loss:0.74921,test_acc:0.80159
epo 52, test, loss=0.7467 acc=0.8037, acc@5=0.9667
best epoch 37, best test acc=80.455
epoch:052,lr:0.0003,training_loss:2.71288,training_acc:0.89211,test_loss:0.74666,test_acc:0.80366
epo 53, test, loss=0.7461 acc=0.8037, acc@5=0.9670
best epoch 37, best test acc=80.455
epoch:053,lr:0.0003,training_loss:2.70171,training_acc:0.90248,test_loss:0.74614,test_acc:0.80366
epo 54, test, loss=0.7473 acc=0.8040, acc@5=0.9670
best epoch 37, best test acc=80.455
epoch:054,lr:0.0003,training_loss:2.72143,training_acc:0.88737,test_loss:0.74729,test_acc:0.80401
epo 55, test, loss=0.7485 acc=0.8016, acc@5=0.9675
best epoch 37, best test acc=80.455
epoch:055,lr:0.0003,training_loss:2.73710,training_acc:0.87979,test_loss:0.74845,test_acc:0.80159
epo 56, test, loss=0.7492 acc=0.8011, acc@5=0.9662
best epoch 37, best test acc=80.455
epoch:056,lr:0.0003,training_loss:2.71665,training_acc:0.88835,test_loss:0.74921,test_acc:0.80110
epo 57, test, loss=0.7486 acc=0.8012, acc@5=0.9667
best epoch 37, best test acc=80.455
epoch:057,lr:0.0003,training_loss:2.72979,training_acc:0.88425,test_loss:0.74858,test_acc:0.80125
epo 58, test, loss=0.7491 acc=0.8026, acc@5=0.9669
best epoch 37, best test acc=80.455
epoch:058,lr:0.0003,training_loss:2.71453,training_acc:0.88965,test_loss:0.74907,test_acc:0.80263
epo 59, test, loss=0.7473 acc=0.8044, acc@5=0.9667
best epoch 37, best test acc=80.455
epoch:059,lr:0.0003,training_loss:2.70870,training_acc:0.89593,test_loss:0.74731,test_acc:0.80435
epo 60, test, loss=0.7466 acc=0.8045, acc@5=0.9663
best epoch 37, best test acc=80.455
epoch:060,lr:0.0003,training_loss:2.72151,training_acc:0.88876,test_loss:0.74660,test_acc:0.80455
epo 61, test, loss=0.7472 acc=0.8037, acc@5=0.9667
best epoch 37, best test acc=80.455
epoch:061,lr:0.0003,training_loss:2.71891,training_acc:0.89183,test_loss:0.74722,test_acc:0.80366
epo 62, test, loss=0.7474 acc=0.8047, acc@5=0.9665
********A better model is found!!**********
Saving model to :./checkpoint/cub200/teen/ft_cos-avg_cos-data_init-start_0/1224-16-06-47-682-Epo_90-Bs_128-sgd-Lr_0.004-decay0.0005-Mom_0.9-MS_30_50_70-Gam_0.25-NormF-T_16.00-tw_16.0-0.5-soft_proto/session0_max_acc.pth
best epoch 62, best test acc=80.470
epoch:062,lr:0.0003,training_loss:2.71738,training_acc:0.89156,test_loss:0.74744,test_acc:0.80470
epo 63, test, loss=0.7473 acc=0.8044, acc@5=0.9667
best epoch 62, best test acc=80.470
epoch:063,lr:0.0003,training_loss:2.72219,training_acc:0.88993,test_loss:0.74728,test_acc:0.80435
epo 64, test, loss=0.7446 acc=0.8073, acc@5=0.9660
********A better model is found!!**********
Saving model to :./checkpoint/cub200/teen/ft_cos-avg_cos-data_init-start_0/1224-16-06-47-682-Epo_90-Bs_128-sgd-Lr_0.004-decay0.0005-Mom_0.9-MS_30_50_70-Gam_0.25-NormF-T_16.00-tw_16.0-0.5-soft_proto/session0_max_acc.pth
best epoch 64, best test acc=80.731
epoch:064,lr:0.0003,training_loss:2.70821,training_acc:0.89755,test_loss:0.74457,test_acc:0.80731
epo 65, test, loss=0.7414 acc=0.8070, acc@5=0.9660
best epoch 64, best test acc=80.731
epoch:065,lr:0.0003,training_loss:2.70484,training_acc:0.89988,test_loss:0.74137,test_acc:0.80696
epo 66, test, loss=0.7449 acc=0.8059, acc@5=0.9646
best epoch 64, best test acc=80.731
epoch:066,lr:0.0003,training_loss:2.71469,training_acc:0.89946,test_loss:0.74489,test_acc:0.80593
epo 67, test, loss=0.7489 acc=0.8049, acc@5=0.9660
best epoch 64, best test acc=80.731
epoch:067,lr:0.0003,training_loss:2.71953,training_acc:0.88863,test_loss:0.74893,test_acc:0.80489
epo 68, test, loss=0.7457 acc=0.8052, acc@5=0.9667
best epoch 64, best test acc=80.731
epoch:068,lr:0.0003,training_loss:2.70365,training_acc:0.89653,test_loss:0.74574,test_acc:0.80524
epo 69, test, loss=0.7459 acc=0.8054, acc@5=0.9656
best epoch 64, best test acc=80.731
epoch:069,lr:0.0003,training_loss:2.70467,training_acc:0.89979,test_loss:0.74588,test_acc:0.80539
epo 70, test, loss=0.7432 acc=0.8070, acc@5=0.9663
best epoch 64, best test acc=80.731
epoch:070,lr:0.0001,training_loss:2.69682,training_acc:0.90360,test_loss:0.74315,test_acc:0.80696
epo 71, test, loss=0.7450 acc=0.8059, acc@5=0.9653
best epoch 64, best test acc=80.731
epoch:071,lr:0.0001,training_loss:2.70882,training_acc:0.89574,test_loss:0.74504,test_acc:0.80593
epo 72, test, loss=0.7454 acc=0.8063, acc@5=0.9642
best epoch 64, best test acc=80.731
epoch:072,lr:0.0001,training_loss:2.71699,training_acc:0.89053,test_loss:0.74538,test_acc:0.80627
epo 73, test, loss=0.7432 acc=0.8070, acc@5=0.9660
best epoch 64, best test acc=80.731
epoch:073,lr:0.0001,training_loss:2.71418,training_acc:0.89741,test_loss:0.74315,test_acc:0.80696
epo 74, test, loss=0.7438 acc=0.8059, acc@5=0.9660
best epoch 64, best test acc=80.731
epoch:074,lr:0.0001,training_loss:2.72128,training_acc:0.89128,test_loss:0.74381,test_acc:0.80593
epo 75, test, loss=0.7422 acc=0.8057, acc@5=0.9656
best epoch 64, best test acc=80.731
epoch:075,lr:0.0001,training_loss:2.72766,training_acc:0.88239,test_loss:0.74219,test_acc:0.80573
epo 76, test, loss=0.7457 acc=0.8066, acc@5=0.9663
best epoch 64, best test acc=80.731
epoch:076,lr:0.0001,training_loss:2.72141,training_acc:0.89230,test_loss:0.74566,test_acc:0.80662
epo 77, test, loss=0.7446 acc=0.8049, acc@5=0.9660
best epoch 64, best test acc=80.731
epoch:077,lr:0.0001,training_loss:2.71425,training_acc:0.88835,test_loss:0.74457,test_acc:0.80489
epo 78, test, loss=0.7449 acc=0.8056, acc@5=0.9651
best epoch 64, best test acc=80.731
epoch:078,lr:0.0001,training_loss:2.70397,training_acc:0.89662,test_loss:0.74487,test_acc:0.80558
epo 79, test, loss=0.7445 acc=0.8033, acc@5=0.9663
best epoch 64, best test acc=80.731
epoch:079,lr:0.0001,training_loss:2.71275,training_acc:0.88997,test_loss:0.74448,test_acc:0.80332
epo 80, test, loss=0.7453 acc=0.8045, acc@5=0.9656
best epoch 64, best test acc=80.731
epoch:080,lr:0.0001,training_loss:2.70513,training_acc:0.90155,test_loss:0.74529,test_acc:0.80455
epo 81, test, loss=0.7437 acc=0.8045, acc@5=0.9646
best epoch 64, best test acc=80.731
epoch:081,lr:0.0001,training_loss:2.70903,training_acc:0.90513,test_loss:0.74369,test_acc:0.80455
epo 82, test, loss=0.7428 acc=0.8070, acc@5=0.9660
best epoch 64, best test acc=80.731
epoch:082,lr:0.0001,training_loss:2.71641,training_acc:0.90007,test_loss:0.74280,test_acc:0.80696
epo 83, test, loss=0.7446 acc=0.8039, acc@5=0.9660
best epoch 64, best test acc=80.731
epoch:083,lr:0.0001,training_loss:2.69747,training_acc:0.89914,test_loss:0.74460,test_acc:0.80386
epo 84, test, loss=0.7444 acc=0.8059, acc@5=0.9653
best epoch 64, best test acc=80.731
epoch:084,lr:0.0001,training_loss:2.70536,training_acc:0.89621,test_loss:0.74439,test_acc:0.80593
epo 85, test, loss=0.7459 acc=0.8052, acc@5=0.9646
best epoch 64, best test acc=80.731
epoch:085,lr:0.0001,training_loss:2.72742,training_acc:0.89286,test_loss:0.74586,test_acc:0.80524
epo 86, test, loss=0.7437 acc=0.8037, acc@5=0.9653
best epoch 64, best test acc=80.731
epoch:086,lr:0.0001,training_loss:2.70344,training_acc:0.89625,test_loss:0.74370,test_acc:0.80366
epo 87, test, loss=0.7440 acc=0.8035, acc@5=0.9667
best epoch 64, best test acc=80.731
epoch:087,lr:0.0001,training_loss:2.70609,training_acc:0.89914,test_loss:0.74402,test_acc:0.80351
epo 88, test, loss=0.7445 acc=0.8059, acc@5=0.9667
best epoch 64, best test acc=80.731
epoch:088,lr:0.0001,training_loss:2.71619,training_acc:0.89448,test_loss:0.74452,test_acc:0.80593
epo 89, test, loss=0.7459 acc=0.8070, acc@5=0.9660
best epoch 64, best test acc=80.731
epoch:089,lr:0.0001,training_loss:2.70622,training_acc:0.89644,test_loss:0.74587,test_acc:0.80696
>>> Finish Base Train <<<
Replace the fc with average embedding, and save it to :./checkpoint/cub200/teen/ft_cos-avg_cos-data_init-start_0/1224-16-06-47-682-Epo_90-Bs_128-sgd-Lr_0.004-decay0.0005-Mom_0.9-MS_30_50_70-Gam_0.25-NormF-T_16.00-tw_16.0-0.5-soft_proto/session0_max_acc.pth
epo 0, test, loss=1.0226 acc=0.7963, acc@5=0.9654
training session: [1]
epo 0, test, loss=1.1955 acc=0.7588, acc@5=0.9525
Session 1 ==> Seen Acc:77.574 Unseen Acc:57.623 Avg Acc:75.876
training session: [2]
epo 0, test, loss=1.3929 acc=0.7184, acc@5=0.9374
Session 2 ==> Seen Acc:76.872 Unseen Acc:49.102 Avg Acc:71.838
training session: [3]
epo 0, test, loss=1.6021 acc=0.6721, acc@5=0.9055
Session 3 ==> Seen Acc:76.739 Unseen Acc:41.748 Avg Acc:67.214
training session: [4]
epo 0, test, loss=1.7080 acc=0.6698, acc@5=0.8980
Session 4 ==> Seen Acc:75.869 Unseen Acc:44.475 Avg Acc:66.983
training session: [5]
epo 0, test, loss=1.8734 acc=0.6356, acc@5=0.8757
Session 5 ==> Seen Acc:75.531 Unseen Acc:42.421 Avg Acc:63.563
training session: [6]
epo 0, test, loss=1.9876 acc=0.6206, acc@5=0.8730
Session 6 ==> Seen Acc:74.851 Unseen Acc:42.849 Avg Acc:62.058
training session: [7]
epo 0, test, loss=2.0695 acc=0.6151, acc@5=0.8680
Session 7 ==> Seen Acc:74.301 Unseen Acc:43.508 Avg Acc:61.515
training session: [8]
epo 0, test, loss=2.1876 acc=0.5909, acc@5=0.8572
Session 8 ==> Seen Acc:74.032 Unseen Acc:41.522 Avg Acc:59.094
training session: [9]
epo 0, test, loss=2.2596 acc=0.5892, acc@5=0.8524
Session 9 ==> Seen Acc:73.417 Unseen Acc:43.367 Avg Acc:58.922
training session: [10]
epo 0, test, loss=2.3596 acc=0.5772, acc@5=0.8422
Session 10 ==> Seen Acc:73.182 Unseen Acc:42.888 Avg Acc:57.716
max_acc: [80.731, 75.876, 71.838, 67.214, 66.983, 63.563, 62.058, 61.515, 59.094, 58.922, 57.716]
Unseen acc: [57.623, 49.102, 41.748, 44.475, 42.421, 42.849, 43.508, 41.522, 43.367, 42.888]
Seen acc: [77.574, 76.872, 76.739, 75.869, 75.531, 74.851, 74.301, 74.032, 73.417, 73.182]
Harmonic mean: [66.126, 59.926, 54.077, 56.077, 54.329, 54.499, 54.88, 53.204, 54.526, 54.082]
